{"timestamp":"2026-03-13T00:44:59.390",
 "level":"INFO",
 "service":"auth-service",
 "thread":"main",
 "traceId":"",
 "spanId":"",
 "correlationId":"",
 "jobId":"",
 "logger":"s.authservice.AuthServiceApplication",
 "message":"Starting AuthServiceApplication using Java 25.0.1 with PID 13200 (D:\module project\base\auth-service\target\classes started by 01957 in D:\module project\base)",
 "exception":""}

{"timestamp":"2026-03-13T00:44:59.397",
 "level":"DEBUG",
 "service":"auth-service",
 "thread":"main",
 "traceId":"",
 "spanId":"",
 "correlationId":"",
 "jobId":"",
 "logger":"s.authservice.AuthServiceApplication",
 "message":"Running with Spring Boot v4.0.0, Spring v7.0.1",
 "exception":""}

{"timestamp":"2026-03-13T00:44:59.399",
 "level":"INFO",
 "service":"auth-service",
 "thread":"main",
 "traceId":"",
 "spanId":"",
 "correlationId":"",
 "jobId":"",
 "logger":"s.authservice.AuthServiceApplication",
 "message":"No active profile set, falling back to 1 default profile: "default"",
 "exception":""}

{"timestamp":"2026-03-13T00:45:01.399",
 "level":"INFO",
 "service":"auth-service",
 "thread":"main",
 "traceId":"",
 "spanId":"",
 "correlationId":"",
 "jobId":"",
 "logger":"o.s.d.r.c.RepositoryConfigurationDelegate",
 "message":"Bootstrapping Spring Data JPA repositories in DEFAULT mode.",
 "exception":""}

{"timestamp":"2026-03-13T00:45:01.465",
 "level":"INFO",
 "service":"auth-service",
 "thread":"main",
 "traceId":"",
 "spanId":"",
 "correlationId":"",
 "jobId":"",
 "logger":"o.s.d.r.c.RepositoryConfigurationDelegate",
 "message":"Finished Spring Data repository scanning in 55 ms. Found 1 JPA repository interface.",
 "exception":""}

{"timestamp":"2026-03-13T00:45:02.867",
 "level":"INFO",
 "service":"auth-service",
 "thread":"main",
 "traceId":"",
 "spanId":"",
 "correlationId":"",
 "jobId":"",
 "logger":"o.s.boot.tomcat.TomcatWebServer",
 "message":"Tomcat initialized with port 8096 (http)",
 "exception":""}

{"timestamp":"2026-03-13T00:45:02.891",
 "level":"INFO",
 "service":"auth-service",
 "thread":"main",
 "traceId":"",
 "spanId":"",
 "correlationId":"",
 "jobId":"",
 "logger":"o.a.catalina.core.StandardService",
 "message":"Starting service [Tomcat]",
 "exception":""}

{"timestamp":"2026-03-13T00:45:02.892",
 "level":"INFO",
 "service":"auth-service",
 "thread":"main",
 "traceId":"",
 "spanId":"",
 "correlationId":"",
 "jobId":"",
 "logger":"o.a.catalina.core.StandardEngine",
 "message":"Starting Servlet engine: [Apache Tomcat/11.0.14]",
 "exception":""}

{"timestamp":"2026-03-13T00:45:03.037",
 "level":"INFO",
 "service":"auth-service",
 "thread":"main",
 "traceId":"",
 "spanId":"",
 "correlationId":"",
 "jobId":"",
 "logger":"o.s.b.w.c.s.WebApplicationContextInitializer",
 "message":"Root WebApplicationContext: initialization completed in 3488 ms",
 "exception":""}

{"timestamp":"2026-03-13T00:45:03.498",
 "level":"INFO",
 "service":"auth-service",
 "thread":"main",
 "traceId":"",
 "spanId":"",
 "correlationId":"",
 "jobId":"",
 "logger":"o.h.jpa.internal.util.LogHelper",
 "message":"HHH000204: Processing PersistenceUnitInfo [name: default]",
 "exception":""}

{"timestamp":"2026-03-13T00:45:03.608",
 "level":"INFO",
 "service":"auth-service",
 "thread":"main",
 "traceId":"",
 "spanId":"",
 "correlationId":"",
 "jobId":"",
 "logger":"org.hibernate.Version",
 "message":"HHH000412: Hibernate ORM core version 7.1.8.Final",
 "exception":""}

{"timestamp":"2026-03-13T00:45:04.773",
 "level":"INFO",
 "service":"auth-service",
 "thread":"main",
 "traceId":"",
 "spanId":"",
 "correlationId":"",
 "jobId":"",
 "logger":"o.s.o.j.p.SpringPersistenceUnitInfo",
 "message":"No LoadTimeWeaver setup: ignoring JPA class transformer",
 "exception":""}

{"timestamp":"2026-03-13T00:45:04.874",
 "level":"INFO",
 "service":"auth-service",
 "thread":"main",
 "traceId":"",
 "spanId":"",
 "correlationId":"",
 "jobId":"",
 "logger":"com.zaxxer.hikari.HikariDataSource",
 "message":"HikariPool-1 - Starting...",
 "exception":""}

{"timestamp":"2026-03-13T00:45:05.559",
 "level":"INFO",
 "service":"auth-service",
 "thread":"main",
 "traceId":"",
 "spanId":"",
 "correlationId":"",
 "jobId":"",
 "logger":"com.zaxxer.hikari.pool.HikariPool",
 "message":"HikariPool-1 - Added connection conn0: url=jdbc:h2:mem:authdb user=SA",
 "exception":""}

{"timestamp":"2026-03-13T00:45:05.564",
 "level":"INFO",
 "service":"auth-service",
 "thread":"main",
 "traceId":"",
 "spanId":"",
 "correlationId":"",
 "jobId":"",
 "logger":"com.zaxxer.hikari.HikariDataSource",
 "message":"HikariPool-1 - Start completed.",
 "exception":""}

{"timestamp":"2026-03-13T00:45:05.650",
 "level":"WARN",
 "service":"auth-service",
 "thread":"main",
 "traceId":"",
 "spanId":"",
 "correlationId":"",
 "jobId":"",
 "logger":"org.hibernate.orm.deprecation",
 "message":"HHH90000025: H2Dialect does not need to be specified explicitly using 'hibernate.dialect' (remove the property setting and it will be selected by default)",
 "exception":""}

{"timestamp":"2026-03-13T00:45:05.725",
 "level":"INFO",
 "service":"auth-service",
 "thread":"main",
 "traceId":"",
 "spanId":"",
 "correlationId":"",
 "jobId":"",
 "logger":"o.hibernate.orm.connections.pooling",
 "message":"HHH10001005: Database info:
	Database JDBC URL [jdbc:h2:mem:authdb]
	Database driver: H2 JDBC Driver
	Database dialect: H2Dialect
	Database version: 2.4.240
	Default catalog/schema: AUTHDB/PUBLIC
	Autocommit mode: undefined/unknown
	Isolation level: READ_COMMITTED [default READ_COMMITTED]
	JDBC fetch size: 100
	Pool: DatasourceConnectionProviderImpl
	Minimum pool size: undefined/unknown
	Maximum pool size: undefined/unknown",
 "exception":""}

{"timestamp":"2026-03-13T00:45:08.419",
 "level":"INFO",
 "service":"auth-service",
 "thread":"main",
 "traceId":"",
 "spanId":"",
 "correlationId":"",
 "jobId":"",
 "logger":"o.h.e.t.j.p.i.JtaPlatformInitiator",
 "message":"HHH000489: No JTA platform available (set 'hibernate.transaction.jta.platform' to enable JTA platform integration)",
 "exception":""}

{"timestamp":"2026-03-13T00:45:08.572",
 "level":"INFO",
 "service":"auth-service",
 "thread":"main",
 "traceId":"",
 "spanId":"",
 "correlationId":"",
 "jobId":"",
 "logger":"o.s.o.j.LocalContainerEntityManagerFactoryBean",
 "message":"Initialized JPA EntityManagerFactory for persistence unit 'default'",
 "exception":""}

{"timestamp":"2026-03-13T00:45:08.764",
 "level":"INFO",
 "service":"auth-service",
 "thread":"main",
 "traceId":"",
 "spanId":"",
 "correlationId":"",
 "jobId":"",
 "logger":"o.s.d.j.r.q.QueryEnhancerFactories",
 "message":"Hibernate is in classpath; If applicable, HQL parser will be used.",
 "exception":""}

{"timestamp":"2026-03-13T00:45:09.221",
 "level":"INFO",
 "service":"auth-service",
 "thread":"main",
 "traceId":"",
 "spanId":"",
 "correlationId":"",
 "jobId":"",
 "logger":"o.s.s.c.a.a.c.InitializeAuthenticationProviderBeanManagerConfigurer$InitializeAuthenticationProviderManagerConfigurer",
 "message":"Global AuthenticationManager configured with AuthenticationProvider bean with name authenticationProvider",
 "exception":""}

{"timestamp":"2026-03-13T00:45:09.221",
 "level":"WARN",
 "service":"auth-service",
 "thread":"main",
 "traceId":"",
 "spanId":"",
 "correlationId":"",
 "jobId":"",
 "logger":"o.s.s.c.a.a.c.InitializeUserDetailsBeanManagerConfigurer$InitializeUserDetailsManagerConfigurer",
 "message":"Global AuthenticationManager configured with an AuthenticationProvider bean. UserDetailsService beans will not be used by Spring Security for automatically configuring username/password login. Consider removing the AuthenticationProvider bean. Alternatively, consider using the UserDetailsService in a manually instantiated DaoAuthenticationProvider. If the current configuration is intentional, to turn off this warning, increase the logging level of 'org.springframework.security.config.annotation.authentication.configuration.InitializeUserDetailsBeanManagerConfigurer' to ERROR",
 "exception":""}

{"timestamp":"2026-03-13T00:45:09.306",
 "level":"INFO",
 "service":"auth-service",
 "thread":"main",
 "traceId":"",
 "spanId":"",
 "correlationId":"",
 "jobId":"",
 "logger":"s.c.exception.GlobalExceptionHandler",
 "message":"GlobalExceptionHandler initialized with: NoOpExternalLogService",
 "exception":""}

{"timestamp":"2026-03-13T00:45:09.384",
 "level":"WARN",
 "service":"auth-service",
 "thread":"main",
 "traceId":"",
 "spanId":"",
 "correlationId":"",
 "jobId":"",
 "logger":"o.s.b.j.a.JpaBaseConfiguration$JpaWebConfiguration",
 "message":"spring.jpa.open-in-view is enabled by default. Therefore, database queries may be performed during view rendering. Explicitly configure spring.jpa.open-in-view to disable this warning",
 "exception":""}

{"timestamp":"2026-03-13T00:45:09.931",
 "level":"DEBUG",
 "service":"auth-service",
 "thread":"main",
 "traceId":"",
 "spanId":"",
 "correlationId":"",
 "jobId":"",
 "logger":"o.s.s.web.DefaultSecurityFilterChain",
 "message":"Will secure any request with filters: DisableEncodeUrlFilter, WebAsyncManagerIntegrationFilter, SecurityContextHolderFilter, HeaderWriterFilter, LogoutFilter, RequestCacheAwareFilter, SecurityContextHolderAwareRequestFilter, AnonymousAuthenticationFilter, SessionManagementFilter, ExceptionTranslationFilter, AuthorizationFilter",
 "exception":""}

{"timestamp":"2026-03-13T00:45:10.892",
 "level":"INFO",
 "service":"auth-service",
 "thread":"main",
 "traceId":"",
 "spanId":"",
 "correlationId":"",
 "jobId":"",
 "logger":"o.s.b.a.e.web.EndpointLinksResolver",
 "message":"Exposing 3 endpoints beneath base path '/actuator'",
 "exception":""}

{"timestamp":"2026-03-13T00:45:11.051",
 "level":"INFO",
 "service":"auth-service",
 "thread":"main",
 "traceId":"",
 "spanId":"",
 "correlationId":"",
 "jobId":"",
 "logger":"o.s.boot.tomcat.TomcatWebServer",
 "message":"Tomcat started on port 8096 (http) with context path '/'",
 "exception":""}

{"timestamp":"2026-03-13T00:45:11.067",
 "level":"INFO",
 "service":"auth-service",
 "thread":"main",
 "traceId":"",
 "spanId":"",
 "correlationId":"",
 "jobId":"",
 "logger":"s.authservice.AuthServiceApplication",
 "message":"Started AuthServiceApplication in 13.002 seconds (process running for 14.384)",
 "exception":""}

