{"timestamp":"2026-02-24T00:06:04.529",
 "level":"INFO",
 "service":"gateway-service",
 "thread":"main",
 "traceId":"",
 "spanId":"",
 "correlationId":"",
 "jobId":"",
 "logger":"s.g.GatewayServiceApplication",
 "message":"Starting GatewayServiceApplication using Java 25.0.1 with PID 19228 (D:\module project\base\gateway-service\target\classes started by 01957 in D:\module project\base)",
 "exception":""}

{"timestamp":"2026-02-24T00:06:04.546",
 "level":"DEBUG",
 "service":"gateway-service",
 "thread":"main",
 "traceId":"",
 "spanId":"",
 "correlationId":"",
 "jobId":"",
 "logger":"s.g.GatewayServiceApplication",
 "message":"Running with Spring Boot v3.3.2, Spring v6.1.11",
 "exception":""}

{"timestamp":"2026-02-24T00:06:04.547",
 "level":"INFO",
 "service":"gateway-service",
 "thread":"main",
 "traceId":"",
 "spanId":"",
 "correlationId":"",
 "jobId":"",
 "logger":"s.g.GatewayServiceApplication",
 "message":"The following 1 profile is active: "dev"",
 "exception":""}

{"timestamp":"2026-02-24T00:06:06.637",
 "level":"INFO",
 "service":"gateway-service",
 "thread":"main",
 "traceId":"",
 "spanId":"",
 "correlationId":"",
 "jobId":"",
 "logger":"o.s.d.r.c.RepositoryConfigurationDelegate",
 "message":"Multiple Spring Data modules found, entering strict repository configuration mode",
 "exception":""}

{"timestamp":"2026-02-24T00:06:06.642",
 "level":"INFO",
 "service":"gateway-service",
 "thread":"main",
 "traceId":"",
 "spanId":"",
 "correlationId":"",
 "jobId":"",
 "logger":"o.s.d.r.c.RepositoryConfigurationDelegate",
 "message":"Bootstrapping Spring Data Redis repositories in DEFAULT mode.",
 "exception":""}

{"timestamp":"2026-02-24T00:06:06.688",
 "level":"INFO",
 "service":"gateway-service",
 "thread":"main",
 "traceId":"",
 "spanId":"",
 "correlationId":"",
 "jobId":"",
 "logger":"o.s.d.r.c.RepositoryConfigurationDelegate",
 "message":"Finished Spring Data repository scanning in 21 ms. Found 0 Redis repository interfaces.",
 "exception":""}

{"timestamp":"2026-02-24T00:06:07.161",
 "level":"INFO",
 "service":"gateway-service",
 "thread":"main",
 "traceId":"",
 "spanId":"",
 "correlationId":"",
 "jobId":"",
 "logger":"o.s.cloud.context.scope.GenericScope",
 "message":"BeanFactory id=82aa8a94-c8eb-3a5e-897d-f3fb8d7d19ae",
 "exception":""}

{"timestamp":"2026-02-24T00:06:11.044",
 "level":"INFO",
 "service":"gateway-service",
 "thread":"main",
 "traceId":"",
 "spanId":"",
 "correlationId":"",
 "jobId":"",
 "logger":"o.s.c.g.r.RouteDefinitionRouteLocator",
 "message":"Loaded RoutePredicateFactory [After]",
 "exception":""}

{"timestamp":"2026-02-24T00:06:11.045",
 "level":"INFO",
 "service":"gateway-service",
 "thread":"main",
 "traceId":"",
 "spanId":"",
 "correlationId":"",
 "jobId":"",
 "logger":"o.s.c.g.r.RouteDefinitionRouteLocator",
 "message":"Loaded RoutePredicateFactory [Before]",
 "exception":""}

{"timestamp":"2026-02-24T00:06:11.045",
 "level":"INFO",
 "service":"gateway-service",
 "thread":"main",
 "traceId":"",
 "spanId":"",
 "correlationId":"",
 "jobId":"",
 "logger":"o.s.c.g.r.RouteDefinitionRouteLocator",
 "message":"Loaded RoutePredicateFactory [Between]",
 "exception":""}

{"timestamp":"2026-02-24T00:06:11.046",
 "level":"INFO",
 "service":"gateway-service",
 "thread":"main",
 "traceId":"",
 "spanId":"",
 "correlationId":"",
 "jobId":"",
 "logger":"o.s.c.g.r.RouteDefinitionRouteLocator",
 "message":"Loaded RoutePredicateFactory [Cookie]",
 "exception":""}

{"timestamp":"2026-02-24T00:06:11.046",
 "level":"INFO",
 "service":"gateway-service",
 "thread":"main",
 "traceId":"",
 "spanId":"",
 "correlationId":"",
 "jobId":"",
 "logger":"o.s.c.g.r.RouteDefinitionRouteLocator",
 "message":"Loaded RoutePredicateFactory [Header]",
 "exception":""}

{"timestamp":"2026-02-24T00:06:11.046",
 "level":"INFO",
 "service":"gateway-service",
 "thread":"main",
 "traceId":"",
 "spanId":"",
 "correlationId":"",
 "jobId":"",
 "logger":"o.s.c.g.r.RouteDefinitionRouteLocator",
 "message":"Loaded RoutePredicateFactory [Host]",
 "exception":""}

{"timestamp":"2026-02-24T00:06:11.047",
 "level":"INFO",
 "service":"gateway-service",
 "thread":"main",
 "traceId":"",
 "spanId":"",
 "correlationId":"",
 "jobId":"",
 "logger":"o.s.c.g.r.RouteDefinitionRouteLocator",
 "message":"Loaded RoutePredicateFactory [Method]",
 "exception":""}

{"timestamp":"2026-02-24T00:06:11.047",
 "level":"INFO",
 "service":"gateway-service",
 "thread":"main",
 "traceId":"",
 "spanId":"",
 "correlationId":"",
 "jobId":"",
 "logger":"o.s.c.g.r.RouteDefinitionRouteLocator",
 "message":"Loaded RoutePredicateFactory [Path]",
 "exception":""}

{"timestamp":"2026-02-24T00:06:11.047",
 "level":"INFO",
 "service":"gateway-service",
 "thread":"main",
 "traceId":"",
 "spanId":"",
 "correlationId":"",
 "jobId":"",
 "logger":"o.s.c.g.r.RouteDefinitionRouteLocator",
 "message":"Loaded RoutePredicateFactory [Query]",
 "exception":""}

{"timestamp":"2026-02-24T00:06:11.047",
 "level":"INFO",
 "service":"gateway-service",
 "thread":"main",
 "traceId":"",
 "spanId":"",
 "correlationId":"",
 "jobId":"",
 "logger":"o.s.c.g.r.RouteDefinitionRouteLocator",
 "message":"Loaded RoutePredicateFactory [ReadBody]",
 "exception":""}

{"timestamp":"2026-02-24T00:06:11.048",
 "level":"INFO",
 "service":"gateway-service",
 "thread":"main",
 "traceId":"",
 "spanId":"",
 "correlationId":"",
 "jobId":"",
 "logger":"o.s.c.g.r.RouteDefinitionRouteLocator",
 "message":"Loaded RoutePredicateFactory [RemoteAddr]",
 "exception":""}

{"timestamp":"2026-02-24T00:06:11.048",
 "level":"INFO",
 "service":"gateway-service",
 "thread":"main",
 "traceId":"",
 "spanId":"",
 "correlationId":"",
 "jobId":"",
 "logger":"o.s.c.g.r.RouteDefinitionRouteLocator",
 "message":"Loaded RoutePredicateFactory [XForwardedRemoteAddr]",
 "exception":""}

{"timestamp":"2026-02-24T00:06:11.048",
 "level":"INFO",
 "service":"gateway-service",
 "thread":"main",
 "traceId":"",
 "spanId":"",
 "correlationId":"",
 "jobId":"",
 "logger":"o.s.c.g.r.RouteDefinitionRouteLocator",
 "message":"Loaded RoutePredicateFactory [Weight]",
 "exception":""}

{"timestamp":"2026-02-24T00:06:11.048",
 "level":"INFO",
 "service":"gateway-service",
 "thread":"main",
 "traceId":"",
 "spanId":"",
 "correlationId":"",
 "jobId":"",
 "logger":"o.s.c.g.r.RouteDefinitionRouteLocator",
 "message":"Loaded RoutePredicateFactory [CloudFoundryRouteService]",
 "exception":""}

{"timestamp":"2026-02-24T00:06:11.765",
 "level":"INFO",
 "service":"gateway-service",
 "thread":"main",
 "traceId":"",
 "spanId":"",
 "correlationId":"",
 "jobId":"",
 "logger":"o.s.b.a.e.web.EndpointLinksResolver",
 "message":"Exposing 1 endpoint beneath base path '/actuator'",
 "exception":""}

{"timestamp":"2026-02-24T00:06:12.812",
 "level":"INFO",
 "service":"gateway-service",
 "thread":"main",
 "traceId":"",
 "spanId":"",
 "correlationId":"",
 "jobId":"",
 "logger":"o.s.b.w.e.netty.NettyWebServer",
 "message":"Netty started on port 8093 (http)",
 "exception":""}

{"timestamp":"2026-02-24T00:06:13.119",
 "level":"INFO",
 "service":"gateway-service",
 "thread":"main",
 "traceId":"",
 "spanId":"",
 "correlationId":"",
 "jobId":"",
 "logger":"s.g.GatewayServiceApplication",
 "message":"Started GatewayServiceApplication in 9.628 seconds (process running for 33.665)",
 "exception":""}

