{"timestamp":"2026-03-05T00:48:33.928",
 "level":"WARN",
 "service":"notification-service",
 "thread":"HikariPool-1:housekeeper",
 "traceId":"",
 "spanId":"",
 "correlationId":"",
 "jobId":"",
 "logger":"com.zaxxer.hikari.pool.HikariPool",
 "message":"HikariPool-1 - Thread starvation or clock leap detected (housekeeper delta=28m24s258ms326µs600ns).",
 "exception":""}

{"timestamp":"2026-03-05T03:17:26.903",
 "level":"WARN",
 "service":"notification-service",
 "thread":"HikariPool-1:housekeeper",
 "traceId":"",
 "spanId":"",
 "correlationId":"",
 "jobId":"",
 "logger":"com.zaxxer.hikari.pool.HikariPool",
 "message":"HikariPool-1 - Thread starvation or clock leap detected (housekeeper delta=57m19s932ms261µs900ns).",
 "exception":""}

{"timestamp":"2026-03-05T03:31:47.952",
 "level":"INFO",
 "service":"notification-service",
 "thread":"SpringApplicationShutdownHook",
 "traceId":"",
 "spanId":"",
 "correlationId":"",
 "jobId":"",
 "logger":"o.s.boot.tomcat.GracefulShutdown",
 "message":"Commencing graceful shutdown. Waiting for active requests to complete",
 "exception":""}

{"timestamp":"2026-03-05T03:31:48.275",
 "level":"INFO",
 "service":"notification-service",
 "thread":"tomcat-shutdown",
 "traceId":"",
 "spanId":"",
 "correlationId":"",
 "jobId":"",
 "logger":"o.s.boot.tomcat.GracefulShutdown",
 "message":"Graceful shutdown complete",
 "exception":""}

{"timestamp":"2026-03-05T03:31:48.548",
 "level":"INFO",
 "service":"notification-service",
 "thread":"SpringApplicationShutdownHook",
 "traceId":"",
 "spanId":"",
 "correlationId":"",
 "jobId":"",
 "logger":"o.s.o.j.LocalContainerEntityManagerFactoryBean",
 "message":"Closing JPA EntityManagerFactory for persistence unit 'default'",
 "exception":""}

{"timestamp":"2026-03-05T03:31:48.629",
 "level":"INFO",
 "service":"notification-service",
 "thread":"SpringApplicationShutdownHook",
 "traceId":"",
 "spanId":"",
 "correlationId":"",
 "jobId":"",
 "logger":"com.zaxxer.hikari.HikariDataSource",
 "message":"HikariPool-1 - Shutdown initiated...",
 "exception":""}

{"timestamp":"2026-03-05T03:31:48.680",
 "level":"INFO",
 "service":"notification-service",
 "thread":"SpringApplicationShutdownHook",
 "traceId":"",
 "spanId":"",
 "correlationId":"",
 "jobId":"",
 "logger":"com.zaxxer.hikari.HikariDataSource",
 "message":"HikariPool-1 - Shutdown completed.",
 "exception":""}

{"timestamp":"2026-03-05T03:32:55.432",
 "level":"INFO",
 "service":"notification-service",
 "thread":"main",
 "traceId":"",
 "spanId":"",
 "correlationId":"",
 "jobId":"",
 "logger":"s.n.NotificationServiceApplication",
 "message":"Starting NotificationServiceApplication using Java 25.0.1 with PID 28508 (D:\module project\base\notification-service\target\classes started by 01957 in D:\module project\base)",
 "exception":""}

{"timestamp":"2026-03-05T03:32:55.438",
 "level":"DEBUG",
 "service":"notification-service",
 "thread":"main",
 "traceId":"",
 "spanId":"",
 "correlationId":"",
 "jobId":"",
 "logger":"s.n.NotificationServiceApplication",
 "message":"Running with Spring Boot v4.0.0, Spring v7.0.1",
 "exception":""}

{"timestamp":"2026-03-05T03:32:55.440",
 "level":"INFO",
 "service":"notification-service",
 "thread":"main",
 "traceId":"",
 "spanId":"",
 "correlationId":"",
 "jobId":"",
 "logger":"s.n.NotificationServiceApplication",
 "message":"No active profile set, falling back to 1 default profile: "default"",
 "exception":""}

{"timestamp":"2026-03-05T03:32:58.120",
 "level":"INFO",
 "service":"notification-service",
 "thread":"main",
 "traceId":"",
 "spanId":"",
 "correlationId":"",
 "jobId":"",
 "logger":"o.s.d.r.c.RepositoryConfigurationDelegate",
 "message":"Bootstrapping Spring Data JPA repositories in DEFAULT mode.",
 "exception":""}

{"timestamp":"2026-03-05T03:32:58.171",
 "level":"INFO",
 "service":"notification-service",
 "thread":"main",
 "traceId":"",
 "spanId":"",
 "correlationId":"",
 "jobId":"",
 "logger":"o.s.d.r.c.RepositoryConfigurationDelegate",
 "message":"Finished Spring Data repository scanning in 30 ms. Found 0 JPA repository interfaces.",
 "exception":""}

{"timestamp":"2026-03-05T03:32:59.677",
 "level":"INFO",
 "service":"notification-service",
 "thread":"main",
 "traceId":"",
 "spanId":"",
 "correlationId":"",
 "jobId":"",
 "logger":"o.s.boot.tomcat.TomcatWebServer",
 "message":"Tomcat initialized with port 8100 (http)",
 "exception":""}

{"timestamp":"2026-03-05T03:32:59.716",
 "level":"INFO",
 "service":"notification-service",
 "thread":"main",
 "traceId":"",
 "spanId":"",
 "correlationId":"",
 "jobId":"",
 "logger":"o.a.catalina.core.StandardService",
 "message":"Starting service [Tomcat]",
 "exception":""}

{"timestamp":"2026-03-05T03:32:59.717",
 "level":"INFO",
 "service":"notification-service",
 "thread":"main",
 "traceId":"",
 "spanId":"",
 "correlationId":"",
 "jobId":"",
 "logger":"o.a.catalina.core.StandardEngine",
 "message":"Starting Servlet engine: [Apache Tomcat/11.0.14]",
 "exception":""}

{"timestamp":"2026-03-05T03:32:59.910",
 "level":"INFO",
 "service":"notification-service",
 "thread":"main",
 "traceId":"",
 "spanId":"",
 "correlationId":"",
 "jobId":"",
 "logger":"o.s.b.w.c.s.WebApplicationContextInitializer",
 "message":"Root WebApplicationContext: initialization completed in 4322 ms",
 "exception":""}

{"timestamp":"2026-03-05T03:33:01.766",
 "level":"INFO",
 "service":"notification-service",
 "thread":"main",
 "traceId":"",
 "spanId":"",
 "correlationId":"",
 "jobId":"",
 "logger":"o.h.jpa.internal.util.LogHelper",
 "message":"HHH000204: Processing PersistenceUnitInfo [name: default]",
 "exception":""}

{"timestamp":"2026-03-05T03:33:01.939",
 "level":"INFO",
 "service":"notification-service",
 "thread":"main",
 "traceId":"",
 "spanId":"",
 "correlationId":"",
 "jobId":"",
 "logger":"org.hibernate.Version",
 "message":"HHH000412: Hibernate ORM core version 7.1.8.Final",
 "exception":""}

{"timestamp":"2026-03-05T03:33:03.577",
 "level":"INFO",
 "service":"notification-service",
 "thread":"main",
 "traceId":"",
 "spanId":"",
 "correlationId":"",
 "jobId":"",
 "logger":"o.s.o.j.p.SpringPersistenceUnitInfo",
 "message":"No LoadTimeWeaver setup: ignoring JPA class transformer",
 "exception":""}

{"timestamp":"2026-03-05T03:33:03.683",
 "level":"INFO",
 "service":"notification-service",
 "thread":"main",
 "traceId":"",
 "spanId":"",
 "correlationId":"",
 "jobId":"",
 "logger":"com.zaxxer.hikari.HikariDataSource",
 "message":"HikariPool-1 - Starting...",
 "exception":""}

{"timestamp":"2026-03-05T03:33:04.440",
 "level":"INFO",
 "service":"notification-service",
 "thread":"main",
 "traceId":"",
 "spanId":"",
 "correlationId":"",
 "jobId":"",
 "logger":"com.zaxxer.hikari.pool.HikariPool",
 "message":"HikariPool-1 - Added connection conn0: url=jdbc:h2:mem:notificationdb user=SA",
 "exception":""}

{"timestamp":"2026-03-05T03:33:04.444",
 "level":"INFO",
 "service":"notification-service",
 "thread":"main",
 "traceId":"",
 "spanId":"",
 "correlationId":"",
 "jobId":"",
 "logger":"com.zaxxer.hikari.HikariDataSource",
 "message":"HikariPool-1 - Start completed.",
 "exception":""}

{"timestamp":"2026-03-05T03:33:04.516",
 "level":"WARN",
 "service":"notification-service",
 "thread":"main",
 "traceId":"",
 "spanId":"",
 "correlationId":"",
 "jobId":"",
 "logger":"org.hibernate.orm.deprecation",
 "message":"HHH90000025: H2Dialect does not need to be specified explicitly using 'hibernate.dialect' (remove the property setting and it will be selected by default)",
 "exception":""}

{"timestamp":"2026-03-05T03:33:04.595",
 "level":"INFO",
 "service":"notification-service",
 "thread":"main",
 "traceId":"",
 "spanId":"",
 "correlationId":"",
 "jobId":"",
 "logger":"o.hibernate.orm.connections.pooling",
 "message":"HHH10001005: Database info:
	Database JDBC URL [jdbc:h2:mem:notificationdb]
	Database driver: H2 JDBC Driver
	Database dialect: H2Dialect
	Database version: 2.4.240
	Default catalog/schema: NOTIFICATIONDB/PUBLIC
	Autocommit mode: undefined/unknown
	Isolation level: READ_COMMITTED [default READ_COMMITTED]
	JDBC fetch size: 100
	Pool: DatasourceConnectionProviderImpl
	Minimum pool size: undefined/unknown
	Maximum pool size: undefined/unknown",
 "exception":""}

{"timestamp":"2026-03-05T03:33:06.194",
 "level":"INFO",
 "service":"notification-service",
 "thread":"main",
 "traceId":"",
 "spanId":"",
 "correlationId":"",
 "jobId":"",
 "logger":"o.h.e.t.j.p.i.JtaPlatformInitiator",
 "message":"HHH000489: No JTA platform available (set 'hibernate.transaction.jta.platform' to enable JTA platform integration)",
 "exception":""}

{"timestamp":"2026-03-05T03:33:06.233",
 "level":"INFO",
 "service":"notification-service",
 "thread":"main",
 "traceId":"",
 "spanId":"",
 "correlationId":"",
 "jobId":"",
 "logger":"o.s.o.j.LocalContainerEntityManagerFactoryBean",
 "message":"Initialized JPA EntityManagerFactory for persistence unit 'default'",
 "exception":""}

{"timestamp":"2026-03-05T03:33:06.334",
 "level":"INFO",
 "service":"notification-service",
 "thread":"main",
 "traceId":"",
 "spanId":"",
 "correlationId":"",
 "jobId":"",
 "logger":"s.c.exception.GlobalExceptionHandler",
 "message":"GlobalExceptionHandler initialized with: NoOpExternalLogService",
 "exception":""}

{"timestamp":"2026-03-05T03:33:06.421",
 "level":"WARN",
 "service":"notification-service",
 "thread":"main",
 "traceId":"",
 "spanId":"",
 "correlationId":"",
 "jobId":"",
 "logger":"o.s.b.j.a.JpaBaseConfiguration$JpaWebConfiguration",
 "message":"spring.jpa.open-in-view is enabled by default. Therefore, database queries may be performed during view rendering. Explicitly configure spring.jpa.open-in-view to disable this warning",
 "exception":""}

{"timestamp":"2026-03-05T03:33:08.202",
 "level":"INFO",
 "service":"notification-service",
 "thread":"main",
 "traceId":"",
 "spanId":"",
 "correlationId":"",
 "jobId":"",
 "logger":"o.s.b.a.e.web.EndpointLinksResolver",
 "message":"Exposing 2 endpoints beneath base path '/actuator'",
 "exception":""}

{"timestamp":"2026-03-05T03:33:08.420",
 "level":"INFO",
 "service":"notification-service",
 "thread":"main",
 "traceId":"",
 "spanId":"",
 "correlationId":"",
 "jobId":"",
 "logger":"o.s.boot.tomcat.TomcatWebServer",
 "message":"Tomcat started on port 8100 (http) with context path '/'",
 "exception":""}

{"timestamp":"2026-03-05T03:33:08.439",
 "level":"INFO",
 "service":"notification-service",
 "thread":"main",
 "traceId":"",
 "spanId":"",
 "correlationId":"",
 "jobId":"",
 "logger":"s.n.NotificationServiceApplication",
 "message":"Started NotificationServiceApplication in 14.512 seconds (process running for 17.205)",
 "exception":""}

{"timestamp":"2026-03-05T05:31:33.833",
 "level":"WARN",
 "service":"notification-service",
 "thread":"HikariPool-1:housekeeper",
 "traceId":"",
 "spanId":"",
 "correlationId":"",
 "jobId":"",
 "logger":"com.zaxxer.hikari.pool.HikariPool",
 "message":"HikariPool-1 - Thread starvation or clock leap detected (housekeeper delta=54m28s804ms943µs500ns).",
 "exception":""}

{"timestamp":"2026-03-05T09:02:49.689",
 "level":"WARN",
 "service":"notification-service",
 "thread":"HikariPool-1:housekeeper",
 "traceId":"",
 "spanId":"",
 "correlationId":"",
 "jobId":"",
 "logger":"com.zaxxer.hikari.pool.HikariPool",
 "message":"HikariPool-1 - Thread starvation or clock leap detected (housekeeper delta=3h15s627ms323µs700ns).",
 "exception":""}

{"timestamp":"2026-03-05T12:50:28.624",
 "level":"WARN",
 "service":"notification-service",
 "thread":"HikariPool-1:housekeeper",
 "traceId":"",
 "spanId":"",
 "correlationId":"",
 "jobId":"",
 "logger":"com.zaxxer.hikari.pool.HikariPool",
 "message":"HikariPool-1 - Thread starvation or clock leap detected (housekeeper delta=3h47m43s129ms843µs900ns).",
 "exception":""}

{"timestamp":"2026-03-05T14:19:42.840",
 "level":"WARN",
 "service":"notification-service",
 "thread":"HikariPool-1:housekeeper",
 "traceId":"",
 "spanId":"",
 "correlationId":"",
 "jobId":"",
 "logger":"com.zaxxer.hikari.pool.HikariPool",
 "message":"HikariPool-1 - Thread starvation or clock leap detected (housekeeper delta=31m12s490ms89µs200ns).",
 "exception":""}

{"timestamp":"2026-03-05T15:15:39.274",
 "level":"INFO",
 "service":"notification-service",
 "thread":"SpringApplicationShutdownHook",
 "traceId":"",
 "spanId":"",
 "correlationId":"",
 "jobId":"",
 "logger":"o.s.boot.tomcat.GracefulShutdown",
 "message":"Commencing graceful shutdown. Waiting for active requests to complete",
 "exception":""}

{"timestamp":"2026-03-05T15:15:40.758",
 "level":"INFO",
 "service":"notification-service",
 "thread":"tomcat-shutdown",
 "traceId":"",
 "spanId":"",
 "correlationId":"",
 "jobId":"",
 "logger":"o.s.boot.tomcat.GracefulShutdown",
 "message":"Graceful shutdown complete",
 "exception":""}

{"timestamp":"2026-03-05T15:15:41.587",
 "level":"INFO",
 "service":"notification-service",
 "thread":"SpringApplicationShutdownHook",
 "traceId":"",
 "spanId":"",
 "correlationId":"",
 "jobId":"",
 "logger":"o.s.o.j.LocalContainerEntityManagerFactoryBean",
 "message":"Closing JPA EntityManagerFactory for persistence unit 'default'",
 "exception":""}

{"timestamp":"2026-03-05T15:15:41.890",
 "level":"INFO",
 "service":"notification-service",
 "thread":"SpringApplicationShutdownHook",
 "traceId":"",
 "spanId":"",
 "correlationId":"",
 "jobId":"",
 "logger":"com.zaxxer.hikari.HikariDataSource",
 "message":"HikariPool-1 - Shutdown initiated...",
 "exception":""}

{"timestamp":"2026-03-05T15:15:42.004",
 "level":"INFO",
 "service":"notification-service",
 "thread":"SpringApplicationShutdownHook",
 "traceId":"",
 "spanId":"",
 "correlationId":"",
 "jobId":"",
 "logger":"com.zaxxer.hikari.HikariDataSource",
 "message":"HikariPool-1 - Shutdown completed.",
 "exception":""}

{"timestamp":"2026-03-05T15:16:53.677",
 "level":"INFO",
 "service":"notification-service",
 "thread":"main",
 "traceId":"",
 "spanId":"",
 "correlationId":"",
 "jobId":"",
 "logger":"s.n.NotificationServiceApplication",
 "message":"Starting NotificationServiceApplication using Java 25.0.1 with PID 10752 (D:\module project\base\notification-service\target\classes started by 01957 in D:\module project\base)",
 "exception":""}

{"timestamp":"2026-03-05T15:16:53.683",
 "level":"DEBUG",
 "service":"notification-service",
 "thread":"main",
 "traceId":"",
 "spanId":"",
 "correlationId":"",
 "jobId":"",
 "logger":"s.n.NotificationServiceApplication",
 "message":"Running with Spring Boot v4.0.0, Spring v7.0.1",
 "exception":""}

{"timestamp":"2026-03-05T15:16:53.685",
 "level":"INFO",
 "service":"notification-service",
 "thread":"main",
 "traceId":"",
 "spanId":"",
 "correlationId":"",
 "jobId":"",
 "logger":"s.n.NotificationServiceApplication",
 "message":"No active profile set, falling back to 1 default profile: "default"",
 "exception":""}

{"timestamp":"2026-03-05T15:16:56.360",
 "level":"INFO",
 "service":"notification-service",
 "thread":"main",
 "traceId":"",
 "spanId":"",
 "correlationId":"",
 "jobId":"",
 "logger":"o.s.d.r.c.RepositoryConfigurationDelegate",
 "message":"Bootstrapping Spring Data JPA repositories in DEFAULT mode.",
 "exception":""}

{"timestamp":"2026-03-05T15:16:56.409",
 "level":"INFO",
 "service":"notification-service",
 "thread":"main",
 "traceId":"",
 "spanId":"",
 "correlationId":"",
 "jobId":"",
 "logger":"o.s.d.r.c.RepositoryConfigurationDelegate",
 "message":"Finished Spring Data repository scanning in 27 ms. Found 0 JPA repository interfaces.",
 "exception":""}

{"timestamp":"2026-03-05T15:16:57.629",
 "level":"INFO",
 "service":"notification-service",
 "thread":"main",
 "traceId":"",
 "spanId":"",
 "correlationId":"",
 "jobId":"",
 "logger":"o.s.boot.tomcat.TomcatWebServer",
 "message":"Tomcat initialized with port 8100 (http)",
 "exception":""}

{"timestamp":"2026-03-05T15:16:57.707",
 "level":"INFO",
 "service":"notification-service",
 "thread":"main",
 "traceId":"",
 "spanId":"",
 "correlationId":"",
 "jobId":"",
 "logger":"o.a.catalina.core.StandardService",
 "message":"Starting service [Tomcat]",
 "exception":""}

{"timestamp":"2026-03-05T15:16:57.708",
 "level":"INFO",
 "service":"notification-service",
 "thread":"main",
 "traceId":"",
 "spanId":"",
 "correlationId":"",
 "jobId":"",
 "logger":"o.a.catalina.core.StandardEngine",
 "message":"Starting Servlet engine: [Apache Tomcat/11.0.14]",
 "exception":""}

{"timestamp":"2026-03-05T15:16:57.866",
 "level":"INFO",
 "service":"notification-service",
 "thread":"main",
 "traceId":"",
 "spanId":"",
 "correlationId":"",
 "jobId":"",
 "logger":"o.s.b.w.c.s.WebApplicationContextInitializer",
 "message":"Root WebApplicationContext: initialization completed in 4060 ms",
 "exception":""}

{"timestamp":"2026-03-05T15:16:58.534",
 "level":"INFO",
 "service":"notification-service",
 "thread":"main",
 "traceId":"",
 "spanId":"",
 "correlationId":"",
 "jobId":"",
 "logger":"o.h.jpa.internal.util.LogHelper",
 "message":"HHH000204: Processing PersistenceUnitInfo [name: default]",
 "exception":""}

{"timestamp":"2026-03-05T15:16:58.702",
 "level":"INFO",
 "service":"notification-service",
 "thread":"main",
 "traceId":"",
 "spanId":"",
 "correlationId":"",
 "jobId":"",
 "logger":"org.hibernate.Version",
 "message":"HHH000412: Hibernate ORM core version 7.1.8.Final",
 "exception":""}

{"timestamp":"2026-03-05T15:17:00.116",
 "level":"INFO",
 "service":"notification-service",
 "thread":"main",
 "traceId":"",
 "spanId":"",
 "correlationId":"",
 "jobId":"",
 "logger":"o.s.o.j.p.SpringPersistenceUnitInfo",
 "message":"No LoadTimeWeaver setup: ignoring JPA class transformer",
 "exception":""}

{"timestamp":"2026-03-05T15:17:00.180",
 "level":"INFO",
 "service":"notification-service",
 "thread":"main",
 "traceId":"",
 "spanId":"",
 "correlationId":"",
 "jobId":"",
 "logger":"com.zaxxer.hikari.HikariDataSource",
 "message":"HikariPool-1 - Starting...",
 "exception":""}

{"timestamp":"2026-03-05T15:17:00.550",
 "level":"INFO",
 "service":"notification-service",
 "thread":"main",
 "traceId":"",
 "spanId":"",
 "correlationId":"",
 "jobId":"",
 "logger":"com.zaxxer.hikari.pool.HikariPool",
 "message":"HikariPool-1 - Added connection conn0: url=jdbc:h2:mem:notificationdb user=SA",
 "exception":""}

{"timestamp":"2026-03-05T15:17:00.553",
 "level":"INFO",
 "service":"notification-service",
 "thread":"main",
 "traceId":"",
 "spanId":"",
 "correlationId":"",
 "jobId":"",
 "logger":"com.zaxxer.hikari.HikariDataSource",
 "message":"HikariPool-1 - Start completed.",
 "exception":""}

{"timestamp":"2026-03-05T15:17:00.605",
 "level":"WARN",
 "service":"notification-service",
 "thread":"main",
 "traceId":"",
 "spanId":"",
 "correlationId":"",
 "jobId":"",
 "logger":"org.hibernate.orm.deprecation",
 "message":"HHH90000025: H2Dialect does not need to be specified explicitly using 'hibernate.dialect' (remove the property setting and it will be selected by default)",
 "exception":""}

{"timestamp":"2026-03-05T15:17:00.651",
 "level":"INFO",
 "service":"notification-service",
 "thread":"main",
 "traceId":"",
 "spanId":"",
 "correlationId":"",
 "jobId":"",
 "logger":"o.hibernate.orm.connections.pooling",
 "message":"HHH10001005: Database info:
	Database JDBC URL [jdbc:h2:mem:notificationdb]
	Database driver: H2 JDBC Driver
	Database dialect: H2Dialect
	Database version: 2.4.240
	Default catalog/schema: NOTIFICATIONDB/PUBLIC
	Autocommit mode: undefined/unknown
	Isolation level: READ_COMMITTED [default READ_COMMITTED]
	JDBC fetch size: 100
	Pool: DatasourceConnectionProviderImpl
	Minimum pool size: undefined/unknown
	Maximum pool size: undefined/unknown",
 "exception":""}

{"timestamp":"2026-03-05T15:17:01.913",
 "level":"INFO",
 "service":"notification-service",
 "thread":"main",
 "traceId":"",
 "spanId":"",
 "correlationId":"",
 "jobId":"",
 "logger":"o.h.e.t.j.p.i.JtaPlatformInitiator",
 "message":"HHH000489: No JTA platform available (set 'hibernate.transaction.jta.platform' to enable JTA platform integration)",
 "exception":""}

{"timestamp":"2026-03-05T15:17:01.939",
 "level":"INFO",
 "service":"notification-service",
 "thread":"main",
 "traceId":"",
 "spanId":"",
 "correlationId":"",
 "jobId":"",
 "logger":"o.s.o.j.LocalContainerEntityManagerFactoryBean",
 "message":"Initialized JPA EntityManagerFactory for persistence unit 'default'",
 "exception":""}

{"timestamp":"2026-03-05T15:17:02.022",
 "level":"INFO",
 "service":"notification-service",
 "thread":"main",
 "traceId":"",
 "spanId":"",
 "correlationId":"",
 "jobId":"",
 "logger":"s.c.exception.GlobalExceptionHandler",
 "message":"GlobalExceptionHandler initialized with: NoOpExternalLogService",
 "exception":""}

{"timestamp":"2026-03-05T15:17:02.110",
 "level":"WARN",
 "service":"notification-service",
 "thread":"main",
 "traceId":"",
 "spanId":"",
 "correlationId":"",
 "jobId":"",
 "logger":"o.s.b.j.a.JpaBaseConfiguration$JpaWebConfiguration",
 "message":"spring.jpa.open-in-view is enabled by default. Therefore, database queries may be performed during view rendering. Explicitly configure spring.jpa.open-in-view to disable this warning",
 "exception":""}

{"timestamp":"2026-03-05T15:17:03.465",
 "level":"INFO",
 "service":"notification-service",
 "thread":"main",
 "traceId":"",
 "spanId":"",
 "correlationId":"",
 "jobId":"",
 "logger":"o.s.b.a.e.web.EndpointLinksResolver",
 "message":"Exposing 2 endpoints beneath base path '/actuator'",
 "exception":""}

{"timestamp":"2026-03-05T15:17:03.644",
 "level":"INFO",
 "service":"notification-service",
 "thread":"main",
 "traceId":"",
 "spanId":"",
 "correlationId":"",
 "jobId":"",
 "logger":"o.s.boot.tomcat.TomcatWebServer",
 "message":"Tomcat started on port 8100 (http) with context path '/'",
 "exception":""}

{"timestamp":"2026-03-05T15:17:03.659",
 "level":"INFO",
 "service":"notification-service",
 "thread":"main",
 "traceId":"",
 "spanId":"",
 "correlationId":"",
 "jobId":"",
 "logger":"s.n.NotificationServiceApplication",
 "message":"Started NotificationServiceApplication in 11.281 seconds (process running for 13.67)",
 "exception":""}

{"timestamp":"2026-03-05T20:10:34.928",
 "level":"WARN",
 "service":"notification-service",
 "thread":"HikariPool-1:housekeeper",
 "traceId":"",
 "spanId":"",
 "correlationId":"",
 "jobId":"",
 "logger":"com.zaxxer.hikari.pool.HikariPool",
 "message":"HikariPool-1 - Thread starvation or clock leap detected (housekeeper delta=3h35s612ms684µs100ns).",
 "exception":""}

