2026-02-24 00:46:04 [http-nio-8104-exec-6] INFO  s.s.controller.SplunkController - Received request to send event to Splunk
2026-02-24 00:46:04 [http-nio-8104-exec-6] DEBUG s.s.s.impl.SplunkHecServiceImpl - Sending event to Splunk HEC: {"time":1771872364,"host":"DESKTOP-PTTGD06","source":"splunk-service","sourcetype":"_json","index":"main","event":{"index":"main","sourcetype":"_json","event":{"service":"splunk-service","message":"HELLO TEST","level":"INFO"}}}
2026-02-24 00:46:04 [reactor-http-nio-2] DEBUG s.s.s.impl.SplunkHecServiceImpl - Event sent successfully to Splunk
2026-02-24 00:50:47 [http-nio-8104-exec-10] INFO  s.s.controller.SplunkController - Received request to send event to Splunk
2026-02-24 00:50:47 [http-nio-8104-exec-10] DEBUG s.s.s.impl.SplunkHecServiceImpl - Sending event to Splunk HEC: {"time":1771872647,"host":"DESKTOP-PTTGD06","source":"splunk-service","sourcetype":"_json","index":"main","event":{"index":"main","sourcetype":"_json","event":{"service":"splunk-service","message":"HELLO jhghg TEST","level":"INFO"}}}
2026-02-24 00:50:47 [reactor-http-nio-2] DEBUG s.s.s.impl.SplunkHecServiceImpl - Event sent successfully to Splunk
2026-02-24 00:52:52 [SpringApplicationShutdownHook] INFO  o.s.boot.tomcat.GracefulShutdown - Commencing graceful shutdown. Waiting for active requests to complete
2026-02-24 00:52:52 [tomcat-shutdown] INFO  o.s.boot.tomcat.GracefulShutdown - Graceful shutdown complete
2026-02-24 00:52:54 [SpringApplicationShutdownHook] INFO  o.s.o.j.LocalContainerEntityManagerFactoryBean - Closing JPA EntityManagerFactory for persistence unit 'default'
2026-02-24 00:52:54 [SpringApplicationShutdownHook] INFO  com.zaxxer.hikari.HikariDataSource - HikariPool-1 - Shutdown initiated...
2026-02-24 00:52:54 [SpringApplicationShutdownHook] INFO  com.zaxxer.hikari.HikariDataSource - HikariPool-1 - Shutdown completed.
2026-02-24 00:53:26 [main] INFO  s.s.SplunkServiceApplication - Starting SplunkServiceApplication using Java 25.0.1 with PID 14552 (D:\module project\base\splunk-service\target\classes started by 01957 in D:\module project\base)
2026-02-24 00:53:26 [main] DEBUG s.s.SplunkServiceApplication - Running with Spring Boot v4.0.0, Spring v7.0.1
2026-02-24 00:53:26 [main] INFO  s.s.SplunkServiceApplication - No active profile set, falling back to 1 default profile: "default"
2026-02-24 00:53:39 [main] INFO  o.s.d.r.c.RepositoryConfigurationDelegate - Bootstrapping Spring Data JPA repositories in DEFAULT mode.
2026-02-24 00:53:39 [main] INFO  o.s.d.r.c.RepositoryConfigurationDelegate - Finished Spring Data repository scanning in 36 ms. Found 0 JPA repository interfaces.
2026-02-24 00:53:42 [main] INFO  o.s.boot.tomcat.TomcatWebServer - Tomcat initialized with port 8104 (http)
2026-02-24 00:53:42 [main] INFO  o.a.catalina.core.StandardService - Starting service [Tomcat]
2026-02-24 00:53:42 [main] INFO  o.a.catalina.core.StandardEngine - Starting Servlet engine: [Apache Tomcat/11.0.14]
2026-02-24 00:53:42 [main] INFO  o.s.b.w.c.s.WebApplicationContextInitializer - Root WebApplicationContext: initialization completed in 16143 ms
2026-02-24 00:53:43 [main] INFO  com.zaxxer.hikari.HikariDataSource - HikariPool-1 - Starting...
2026-02-24 00:53:43 [main] INFO  com.zaxxer.hikari.pool.HikariPool - HikariPool-1 - Added connection conn0: url=jdbc:h2:mem:a88d4d83-65dd-4514-8af6-50a98c72cd7c user=SA
2026-02-24 00:53:43 [main] INFO  com.zaxxer.hikari.HikariDataSource - HikariPool-1 - Start completed.
2026-02-24 00:53:43 [main] INFO  o.h.jpa.internal.util.LogHelper - HHH000204: Processing PersistenceUnitInfo [name: default]
2026-02-24 00:53:44 [main] INFO  org.hibernate.Version - HHH000412: Hibernate ORM core version 7.1.8.Final
2026-02-24 00:53:45 [main] INFO  o.s.o.j.p.SpringPersistenceUnitInfo - No LoadTimeWeaver setup: ignoring JPA class transformer
2026-02-24 00:53:45 [main] INFO  o.hibernate.orm.connections.pooling - HHH10001005: Database info:
	Database JDBC URL [jdbc:h2:mem:a88d4d83-65dd-4514-8af6-50a98c72cd7c]
	Database driver: H2 JDBC Driver
	Database dialect: H2Dialect
	Database version: 2.4.240
	Default catalog/schema: A88D4D83-65DD-4514-8AF6-50A98C72CD7C/PUBLIC
	Autocommit mode: undefined/unknown
	Isolation level: READ_COMMITTED [default READ_COMMITTED]
	JDBC fetch size: 100
	Pool: DatasourceConnectionProviderImpl
	Minimum pool size: undefined/unknown
	Maximum pool size: undefined/unknown
2026-02-24 00:53:46 [main] INFO  o.h.e.t.j.p.i.JtaPlatformInitiator - HHH000489: No JTA platform available (set 'hibernate.transaction.jta.platform' to enable JTA platform integration)
2026-02-24 00:53:46 [main] INFO  o.s.o.j.LocalContainerEntityManagerFactoryBean - Initialized JPA EntityManagerFactory for persistence unit 'default'
2026-02-24 00:53:47 [main] WARN  o.s.b.j.a.JpaBaseConfiguration$JpaWebConfiguration - spring.jpa.open-in-view is enabled by default. Therefore, database queries may be performed during view rendering. Explicitly configure spring.jpa.open-in-view to disable this warning
2026-02-24 00:53:48 [main] INFO  o.s.b.a.e.web.EndpointLinksResolver - Exposing 3 endpoints beneath base path '/actuator'
2026-02-24 00:53:48 [main] INFO  o.s.boot.tomcat.TomcatWebServer - Tomcat started on port 8104 (http) with context path '/'
2026-02-24 00:53:48 [main] INFO  s.s.SplunkServiceApplication - Started SplunkServiceApplication in 25.391 seconds (process running for 31.397)
2026-02-24 00:53:54 [http-nio-8104-exec-1] INFO  o.a.c.c.C.[Tomcat].[localhost].[/] - Initializing Spring DispatcherServlet 'dispatcherServlet'
2026-02-24 00:53:54 [http-nio-8104-exec-1] INFO  o.s.web.servlet.DispatcherServlet - Initializing Servlet 'dispatcherServlet'
2026-02-24 00:53:54 [http-nio-8104-exec-1] INFO  o.s.web.servlet.DispatcherServlet - Completed initialization in 2 ms
2026-02-24 00:53:54 [http-nio-8104-exec-1] INFO  s.s.controller.SplunkController - Received request to send event to Splunk
2026-02-24 00:53:54 [http-nio-8104-exec-1] DEBUG s.s.s.impl.SplunkHecServiceImpl - Sending event to Splunk HEC: {"time":1771872834,"host":"DESKTOP-PTTGD06","source":"splunk-service","sourcetype":"_json","index":"main","event":{"index":"main","sourcetype":"_json","event":{"service":"splunk-service","message":"HELLO jhghg TEST","level":"INFO"}}}
2026-02-24 00:53:55 [reactor-http-nio-2] DEBUG s.s.s.impl.SplunkHecServiceImpl - Event sent successfully to Splunk
2026-02-24 01:00:31 [SpringApplicationShutdownHook] INFO  o.s.boot.tomcat.GracefulShutdown - Commencing graceful shutdown. Waiting for active requests to complete
2026-02-24 01:00:31 [tomcat-shutdown] INFO  o.s.boot.tomcat.GracefulShutdown - Graceful shutdown complete
2026-02-24 01:00:33 [SpringApplicationShutdownHook] INFO  o.s.o.j.LocalContainerEntityManagerFactoryBean - Closing JPA EntityManagerFactory for persistence unit 'default'
2026-02-24 01:00:33 [SpringApplicationShutdownHook] INFO  com.zaxxer.hikari.HikariDataSource - HikariPool-1 - Shutdown initiated...
2026-02-24 01:00:33 [SpringApplicationShutdownHook] INFO  com.zaxxer.hikari.HikariDataSource - HikariPool-1 - Shutdown completed.
2026-02-24 01:00:44 [main] INFO  s.s.SplunkServiceApplication - Starting SplunkServiceApplication using Java 25.0.1 with PID 20336 (D:\module project\base\splunk-service\target\classes started by 01957 in D:\module project\base)
2026-02-24 01:00:44 [main] DEBUG s.s.SplunkServiceApplication - Running with Spring Boot v4.0.0, Spring v7.0.1
2026-02-24 01:00:44 [main] INFO  s.s.SplunkServiceApplication - No active profile set, falling back to 1 default profile: "default"
2026-02-24 01:00:48 [main] INFO  o.s.d.r.c.RepositoryConfigurationDelegate - Bootstrapping Spring Data JPA repositories in DEFAULT mode.
2026-02-24 01:00:48 [main] INFO  o.s.d.r.c.RepositoryConfigurationDelegate - Finished Spring Data repository scanning in 30 ms. Found 0 JPA repository interfaces.
2026-02-24 01:00:49 [main] INFO  o.s.boot.tomcat.TomcatWebServer - Tomcat initialized with port 8104 (http)
2026-02-24 01:00:49 [main] INFO  o.a.catalina.core.StandardService - Starting service [Tomcat]
2026-02-24 01:00:49 [main] INFO  o.a.catalina.core.StandardEngine - Starting Servlet engine: [Apache Tomcat/11.0.14]
2026-02-24 01:00:50 [main] INFO  o.s.b.w.c.s.WebApplicationContextInitializer - Root WebApplicationContext: initialization completed in 4878 ms
2026-02-24 01:00:51 [main] INFO  com.zaxxer.hikari.HikariDataSource - HikariPool-1 - Starting...
2026-02-24 01:00:52 [main] INFO  com.zaxxer.hikari.pool.HikariPool - HikariPool-1 - Added connection conn0: url=jdbc:h2:mem:23064c2f-0aef-4b18-a479-af5d62cb5adb user=SA
2026-02-24 01:00:52 [main] INFO  com.zaxxer.hikari.HikariDataSource - HikariPool-1 - Start completed.
2026-02-24 01:00:52 [main] INFO  o.h.jpa.internal.util.LogHelper - HHH000204: Processing PersistenceUnitInfo [name: default]
2026-02-24 01:00:52 [main] INFO  org.hibernate.Version - HHH000412: Hibernate ORM core version 7.1.8.Final
2026-02-24 01:00:54 [main] INFO  o.s.o.j.p.SpringPersistenceUnitInfo - No LoadTimeWeaver setup: ignoring JPA class transformer
2026-02-24 01:00:54 [main] INFO  o.hibernate.orm.connections.pooling - HHH10001005: Database info:
	Database JDBC URL [jdbc:h2:mem:23064c2f-0aef-4b18-a479-af5d62cb5adb]
	Database driver: H2 JDBC Driver
	Database dialect: H2Dialect
	Database version: 2.4.240
	Default catalog/schema: 23064C2F-0AEF-4B18-A479-AF5D62CB5ADB/PUBLIC
	Autocommit mode: undefined/unknown
	Isolation level: READ_COMMITTED [default READ_COMMITTED]
	JDBC fetch size: 100
	Pool: DatasourceConnectionProviderImpl
	Minimum pool size: undefined/unknown
	Maximum pool size: undefined/unknown
2026-02-24 01:00:56 [main] INFO  o.h.e.t.j.p.i.JtaPlatformInitiator - HHH000489: No JTA platform available (set 'hibernate.transaction.jta.platform' to enable JTA platform integration)
2026-02-24 01:00:56 [main] INFO  o.s.o.j.LocalContainerEntityManagerFactoryBean - Initialized JPA EntityManagerFactory for persistence unit 'default'
2026-02-24 01:00:58 [main] WARN  o.s.b.j.a.JpaBaseConfiguration$JpaWebConfiguration - spring.jpa.open-in-view is enabled by default. Therefore, database queries may be performed during view rendering. Explicitly configure spring.jpa.open-in-view to disable this warning
2026-02-24 01:00:59 [main] INFO  o.s.b.a.e.web.EndpointLinksResolver - Exposing 3 endpoints beneath base path '/actuator'
2026-02-24 01:00:59 [main] INFO  o.s.boot.tomcat.TomcatWebServer - Tomcat started on port 8104 (http) with context path '/'
2026-02-24 01:00:59 [main] INFO  s.s.SplunkServiceApplication - Started SplunkServiceApplication in 16.51 seconds (process running for 19.139)
2026-02-24 01:03:19 [http-nio-8104-exec-2] INFO  o.a.c.c.C.[Tomcat].[localhost].[/] - Initializing Spring DispatcherServlet 'dispatcherServlet'
2026-02-24 01:03:19 [http-nio-8104-exec-2] INFO  o.s.web.servlet.DispatcherServlet - Initializing Servlet 'dispatcherServlet'
2026-02-24 01:03:19 [http-nio-8104-exec-2] INFO  o.s.web.servlet.DispatcherServlet - Completed initialization in 5 ms
2026-02-24 01:03:19 [http-nio-8104-exec-2] INFO  s.s.controller.SplunkController - Received request to send event to Splunk
2026-02-24 01:03:19 [http-nio-8104-exec-2] DEBUG s.s.s.impl.SplunkHecServiceImpl - Sending event to Splunk HEC: {"time":1771873399,"host":"DESKTOP-PTTGD06","source":"splunk-service","sourcetype":"_json","index":"main","event":{"service":"splunk-service","message":"HELLO TEST","level":"INFO"}}
2026-02-24 01:03:21 [reactor-http-nio-2] DEBUG s.s.s.impl.SplunkHecServiceImpl - Event sent successfully to Splunk
2026-02-24 01:05:39 [http-nio-8104-exec-8] INFO  s.s.controller.SplunkController - Received request to send event to Splunk
2026-02-24 01:05:39 [http-nio-8104-exec-8] DEBUG s.s.s.impl.SplunkHecServiceImpl - Sending event to Splunk HEC: {"time":1771873539,"host":"DESKTOP-PTTGD06","source":"splunk-service","sourcetype":"_json","index":"main","event":{"service":"splunk-service","message":"HELLO TEST love you goru","level":"INFO"}}
2026-02-24 01:05:39 [reactor-http-nio-2] DEBUG s.s.s.impl.SplunkHecServiceImpl - Event sent successfully to Splunk
2026-02-24 01:17:06 [http-nio-8104-exec-6] INFO  s.s.controller.SplunkController - Received request to send event to Splunk
2026-02-24 01:17:06 [http-nio-8104-exec-6] DEBUG s.s.s.impl.SplunkHecServiceImpl - Sending event to Splunk HEC: {"time":1771874226,"host":"DESKTOP-PTTGD06","source":"splunk-service","sourcetype":"_json","index":"main","event":{"service":"splunk-service","message":"HELLO TEST love you goru","level":"INFO","invalidEventNumber":7}}
2026-02-24 01:17:06 [reactor-http-nio-2] DEBUG s.s.s.impl.SplunkHecServiceImpl - Event sent successfully to Splunk
2026-02-24 04:46:20 [HikariPool-1:housekeeper] WARN  com.zaxxer.hikari.pool.HikariPool - HikariPool-1 - Thread starvation or clock leap detected (housekeeper delta=3h27s167ms694µs300ns).
2026-02-24 11:46:41 [HikariPool-1:housekeeper] WARN  com.zaxxer.hikari.pool.HikariPool - HikariPool-1 - Thread starvation or clock leap detected (housekeeper delta=7h26s269ms875µs600ns).
