{"timestamp":"2026-03-18T15:10:22.419",
 "level":"INFO",
 "service":"transaction-service",
 "thread":"main",
 "traceId":"",
 "spanId":"",
 "correlationId":"",
 "jobId":"",
 "logger":"s.t.TransactionServiceApplication",
 "message":"Starting TransactionServiceApplication using Java 25.0.1 with PID 12212 (D:\module project\base\transaction-service\target\classes started by 01957 in D:\module project\base)",
 "exception":""}

{"timestamp":"2026-03-18T15:10:22.489",
 "level":"DEBUG",
 "service":"transaction-service",
 "thread":"main",
 "traceId":"",
 "spanId":"",
 "correlationId":"",
 "jobId":"",
 "logger":"s.t.TransactionServiceApplication",
 "message":"Running with Spring Boot v4.0.0, Spring v7.0.1",
 "exception":""}

{"timestamp":"2026-03-18T15:10:22.552",
 "level":"INFO",
 "service":"transaction-service",
 "thread":"main",
 "traceId":"",
 "spanId":"",
 "correlationId":"",
 "jobId":"",
 "logger":"s.t.TransactionServiceApplication",
 "message":"No active profile set, falling back to 1 default profile: "default"",
 "exception":""}

{"timestamp":"2026-03-18T15:10:31.592",
 "level":"INFO",
 "service":"transaction-service",
 "thread":"main",
 "traceId":"",
 "spanId":"",
 "correlationId":"",
 "jobId":"",
 "logger":"o.s.d.r.c.RepositoryConfigurationDelegate",
 "message":"Bootstrapping Spring Data JPA repositories in DEFAULT mode.",
 "exception":""}

{"timestamp":"2026-03-18T15:10:31.816",
 "level":"INFO",
 "service":"transaction-service",
 "thread":"main",
 "traceId":"",
 "spanId":"",
 "correlationId":"",
 "jobId":"",
 "logger":"o.s.d.r.c.RepositoryConfigurationDelegate",
 "message":"Finished Spring Data repository scanning in 182 ms. Found 1 JPA repository interface.",
 "exception":""}

{"timestamp":"2026-03-18T15:10:35.376",
 "level":"INFO",
 "service":"transaction-service",
 "thread":"main",
 "traceId":"",
 "spanId":"",
 "correlationId":"",
 "jobId":"",
 "logger":"o.s.boot.tomcat.TomcatWebServer",
 "message":"Tomcat initialized with port 8101 (http)",
 "exception":""}

{"timestamp":"2026-03-18T15:10:35.458",
 "level":"INFO",
 "service":"transaction-service",
 "thread":"main",
 "traceId":"",
 "spanId":"",
 "correlationId":"",
 "jobId":"",
 "logger":"o.a.catalina.core.StandardService",
 "message":"Starting service [Tomcat]",
 "exception":""}

{"timestamp":"2026-03-18T15:10:35.460",
 "level":"INFO",
 "service":"transaction-service",
 "thread":"main",
 "traceId":"",
 "spanId":"",
 "correlationId":"",
 "jobId":"",
 "logger":"o.a.catalina.core.StandardEngine",
 "message":"Starting Servlet engine: [Apache Tomcat/11.0.14]",
 "exception":""}

{"timestamp":"2026-03-18T15:10:35.772",
 "level":"INFO",
 "service":"transaction-service",
 "thread":"main",
 "traceId":"",
 "spanId":"",
 "correlationId":"",
 "jobId":"",
 "logger":"o.s.b.w.c.s.WebApplicationContextInitializer",
 "message":"Root WebApplicationContext: initialization completed in 12264 ms",
 "exception":""}

{"timestamp":"2026-03-18T15:10:37.280",
 "level":"INFO",
 "service":"transaction-service",
 "thread":"main",
 "traceId":"",
 "spanId":"",
 "correlationId":"",
 "jobId":"",
 "logger":"o.h.jpa.internal.util.LogHelper",
 "message":"HHH000204: Processing PersistenceUnitInfo [name: default]",
 "exception":""}

{"timestamp":"2026-03-18T15:10:37.588",
 "level":"INFO",
 "service":"transaction-service",
 "thread":"main",
 "traceId":"",
 "spanId":"",
 "correlationId":"",
 "jobId":"",
 "logger":"org.hibernate.Version",
 "message":"HHH000412: Hibernate ORM core version 7.1.8.Final",
 "exception":""}

{"timestamp":"2026-03-18T15:10:42.866",
 "level":"INFO",
 "service":"transaction-service",
 "thread":"main",
 "traceId":"",
 "spanId":"",
 "correlationId":"",
 "jobId":"",
 "logger":"o.s.o.j.p.SpringPersistenceUnitInfo",
 "message":"No LoadTimeWeaver setup: ignoring JPA class transformer",
 "exception":""}

{"timestamp":"2026-03-18T15:10:43.210",
 "level":"INFO",
 "service":"transaction-service",
 "thread":"main",
 "traceId":"",
 "spanId":"",
 "correlationId":"",
 "jobId":"",
 "logger":"com.zaxxer.hikari.HikariDataSource",
 "message":"HikariPool-1 - Starting...",
 "exception":""}

{"timestamp":"2026-03-18T15:10:44.147",
 "level":"INFO",
 "service":"transaction-service",
 "thread":"main",
 "traceId":"",
 "spanId":"",
 "correlationId":"",
 "jobId":"",
 "logger":"com.zaxxer.hikari.pool.HikariPool",
 "message":"HikariPool-1 - Added connection conn0: url=jdbc:h2:mem:transactiondb user=SA",
 "exception":""}

{"timestamp":"2026-03-18T15:10:44.156",
 "level":"INFO",
 "service":"transaction-service",
 "thread":"main",
 "traceId":"",
 "spanId":"",
 "correlationId":"",
 "jobId":"",
 "logger":"com.zaxxer.hikari.HikariDataSource",
 "message":"HikariPool-1 - Start completed.",
 "exception":""}

{"timestamp":"2026-03-18T15:10:44.270",
 "level":"WARN",
 "service":"transaction-service",
 "thread":"main",
 "traceId":"",
 "spanId":"",
 "correlationId":"",
 "jobId":"",
 "logger":"org.hibernate.orm.deprecation",
 "message":"HHH90000025: H2Dialect does not need to be specified explicitly using 'hibernate.dialect' (remove the property setting and it will be selected by default)",
 "exception":""}

{"timestamp":"2026-03-18T15:10:44.376",
 "level":"INFO",
 "service":"transaction-service",
 "thread":"main",
 "traceId":"",
 "spanId":"",
 "correlationId":"",
 "jobId":"",
 "logger":"o.hibernate.orm.connections.pooling",
 "message":"HHH10001005: Database info:
	Database JDBC URL [jdbc:h2:mem:transactiondb]
	Database driver: H2 JDBC Driver
	Database dialect: H2Dialect
	Database version: 2.4.240
	Default catalog/schema: TRANSACTIONDB/PUBLIC
	Autocommit mode: undefined/unknown
	Isolation level: READ_COMMITTED [default READ_COMMITTED]
	JDBC fetch size: 100
	Pool: DatasourceConnectionProviderImpl
	Minimum pool size: undefined/unknown
	Maximum pool size: undefined/unknown",
 "exception":""}

{"timestamp":"2026-03-18T15:10:50.368",
 "level":"INFO",
 "service":"transaction-service",
 "thread":"main",
 "traceId":"",
 "spanId":"",
 "correlationId":"",
 "jobId":"",
 "logger":"o.h.e.t.j.p.i.JtaPlatformInitiator",
 "message":"HHH000489: No JTA platform available (set 'hibernate.transaction.jta.platform' to enable JTA platform integration)",
 "exception":""}

{"timestamp":"2026-03-18T15:10:50.800",
 "level":"INFO",
 "service":"transaction-service",
 "thread":"main",
 "traceId":"",
 "spanId":"",
 "correlationId":"",
 "jobId":"",
 "logger":"o.s.o.j.LocalContainerEntityManagerFactoryBean",
 "message":"Initialized JPA EntityManagerFactory for persistence unit 'default'",
 "exception":""}

{"timestamp":"2026-03-18T15:10:51.256",
 "level":"INFO",
 "service":"transaction-service",
 "thread":"main",
 "traceId":"",
 "spanId":"",
 "correlationId":"",
 "jobId":"",
 "logger":"o.s.d.j.r.q.QueryEnhancerFactories",
 "message":"Hibernate is in classpath; If applicable, HQL parser will be used.",
 "exception":""}

{"timestamp":"2026-03-18T15:10:52.342",
 "level":"INFO",
 "service":"transaction-service",
 "thread":"main",
 "traceId":"",
 "spanId":"",
 "correlationId":"",
 "jobId":"",
 "logger":"s.c.exception.GlobalExceptionHandler",
 "message":"GlobalExceptionHandler initialized with: NoOpExternalLogService",
 "exception":""}

{"timestamp":"2026-03-18T15:10:52.486",
 "level":"WARN",
 "service":"transaction-service",
 "thread":"main",
 "traceId":"",
 "spanId":"",
 "correlationId":"",
 "jobId":"",
 "logger":"o.s.b.j.a.JpaBaseConfiguration$JpaWebConfiguration",
 "message":"spring.jpa.open-in-view is enabled by default. Therefore, database queries may be performed during view rendering. Explicitly configure spring.jpa.open-in-view to disable this warning",
 "exception":""}

{"timestamp":"2026-03-18T15:10:54.738",
 "level":"INFO",
 "service":"transaction-service",
 "thread":"main",
 "traceId":"",
 "spanId":"",
 "correlationId":"",
 "jobId":"",
 "logger":"o.s.b.a.e.web.EndpointLinksResolver",
 "message":"Exposing 3 endpoints beneath base path '/actuator'",
 "exception":""}

{"timestamp":"2026-03-18T15:10:55.360",
 "level":"INFO",
 "service":"transaction-service",
 "thread":"main",
 "traceId":"",
 "spanId":"",
 "correlationId":"",
 "jobId":"",
 "logger":"o.s.boot.tomcat.TomcatWebServer",
 "message":"Tomcat started on port 8101 (http) with context path '/'",
 "exception":""}

{"timestamp":"2026-03-18T15:10:55.417",
 "level":"INFO",
 "service":"transaction-service",
 "thread":"main",
 "traceId":"",
 "spanId":"",
 "correlationId":"",
 "jobId":"",
 "logger":"s.t.TransactionServiceApplication",
 "message":"Started TransactionServiceApplication in 36.758 seconds (process running for 39.978)",
 "exception":""}

{"timestamp":"2026-03-18T15:40:53.829",
 "level":"INFO",
 "service":"transaction-service",
 "thread":"SpringApplicationShutdownHook",
 "traceId":"",
 "spanId":"",
 "correlationId":"",
 "jobId":"",
 "logger":"o.s.boot.tomcat.GracefulShutdown",
 "message":"Commencing graceful shutdown. Waiting for active requests to complete",
 "exception":""}

{"timestamp":"2026-03-18T15:40:54.063",
 "level":"INFO",
 "service":"transaction-service",
 "thread":"tomcat-shutdown",
 "traceId":"",
 "spanId":"",
 "correlationId":"",
 "jobId":"",
 "logger":"o.s.boot.tomcat.GracefulShutdown",
 "message":"Graceful shutdown complete",
 "exception":""}

{"timestamp":"2026-03-18T15:40:54.188",
 "level":"INFO",
 "service":"transaction-service",
 "thread":"SpringApplicationShutdownHook",
 "traceId":"",
 "spanId":"",
 "correlationId":"",
 "jobId":"",
 "logger":"o.s.o.j.LocalContainerEntityManagerFactoryBean",
 "message":"Closing JPA EntityManagerFactory for persistence unit 'default'",
 "exception":""}

{"timestamp":"2026-03-18T15:40:54.287",
 "level":"INFO",
 "service":"transaction-service",
 "thread":"SpringApplicationShutdownHook",
 "traceId":"",
 "spanId":"",
 "correlationId":"",
 "jobId":"",
 "logger":"com.zaxxer.hikari.HikariDataSource",
 "message":"HikariPool-1 - Shutdown initiated...",
 "exception":""}

{"timestamp":"2026-03-18T15:40:54.314",
 "level":"INFO",
 "service":"transaction-service",
 "thread":"SpringApplicationShutdownHook",
 "traceId":"",
 "spanId":"",
 "correlationId":"",
 "jobId":"",
 "logger":"com.zaxxer.hikari.HikariDataSource",
 "message":"HikariPool-1 - Shutdown completed.",
 "exception":""}

