{"timestamp":"2026-03-06T00:06:31.424",
 "level":"INFO",
 "service":"user-service",
 "thread":"org.springframework.amqp.rabbit.RabbitListenerEndpointContainer#0-2",
 "traceId":"",
 "spanId":"",
 "correlationId":"",
 "jobId":"",
 "logger":"o.s.a.r.l.SimpleMessageListenerContainer",
 "message":"Waiting for workers to finish.",
 "exception":""}
{"timestamp":"2026-03-06T00:06:31.459",
 "level":"INFO",
 "service":"user-service",
 "thread":"org.springframework.amqp.rabbit.RabbitListenerEndpointContainer#0-2",
 "traceId":"",
 "spanId":"",
 "correlationId":"",
 "jobId":"",
 "logger":"o.s.a.r.l.SimpleMessageListenerContainer",
 "message":"Successfully waited for workers to finish.",
 "exception":""}
{"timestamp":"2026-03-06T00:06:31.476",
 "level":"INFO",
 "service":"user-service",
 "thread":"org.springframework.kafka.KafkaListenerEndpointContainer#0-0-C-1",
 "traceId":"",
 "spanId":"",
 "correlationId":"",
 "jobId":"",
 "logger":"o.a.k.c.c.i.ConsumerRebalanceListenerInvoker",
 "message":"[Consumer clientId=consumer-kafka-log-group-1, groupId=kafka-log-group] Revoke previously assigned partitions [kafka-log-topic-0]",
 "exception":""}
{"timestamp":"2026-03-06T00:06:31.479",
 "level":"INFO",
 "service":"user-service",
 "thread":"org.springframework.kafka.KafkaListenerEndpointContainer#0-0-C-1",
 "traceId":"",
 "spanId":"",
 "correlationId":"",
 "jobId":"",
 "logger":"o.s.k.l.KafkaMessageListenerContainer",
 "message":"kafka-log-group: partitions revoked: [kafka-log-topic-0]",
 "exception":""}
{"timestamp":"2026-03-06T00:06:31.486",
 "level":"INFO",
 "service":"user-service",
 "thread":"org.springframework.kafka.KafkaListenerEndpointContainer#0-0-C-1",
 "traceId":"",
 "spanId":"",
 "correlationId":"",
 "jobId":"",
 "logger":"o.a.k.c.c.i.ConsumerCoordinator",
 "message":"[Consumer clientId=consumer-kafka-log-group-1, groupId=kafka-log-group] Member consumer-kafka-log-group-1-aadbc473-1b50-467a-989e-04adaa1ab16d sending LeaveGroup request to coordinator localhost:9092 (id: 2147483646 rack: null isFenced: false) due to the consumer unsubscribed from all topics",
 "exception":""}
{"timestamp":"2026-03-06T00:06:31.488",
 "level":"INFO",
 "service":"user-service",
 "thread":"org.springframework.kafka.KafkaListenerEndpointContainer#0-0-C-1",
 "traceId":"",
 "spanId":"",
 "correlationId":"",
 "jobId":"",
 "logger":"o.a.k.c.c.i.ConsumerCoordinator",
 "message":"[Consumer clientId=consumer-kafka-log-group-1, groupId=kafka-log-group] Resetting generation and member id due to: consumer pro-actively leaving the group",
 "exception":""}
{"timestamp":"2026-03-06T00:06:31.488",
 "level":"INFO",
 "service":"user-service",
 "thread":"org.springframework.kafka.KafkaListenerEndpointContainer#0-0-C-1",
 "traceId":"",
 "spanId":"",
 "correlationId":"",
 "jobId":"",
 "logger":"o.a.k.c.c.i.ConsumerCoordinator",
 "message":"[Consumer clientId=consumer-kafka-log-group-1, groupId=kafka-log-group] Request joining group due to: consumer pro-actively leaving the group",
 "exception":""}
{"timestamp":"2026-03-06T00:06:31.489",
 "level":"INFO",
 "service":"user-service",
 "thread":"org.springframework.kafka.KafkaListenerEndpointContainer#0-0-C-1",
 "traceId":"",
 "spanId":"",
 "correlationId":"",
 "jobId":"",
 "logger":"o.a.k.c.c.i.ClassicKafkaConsumer",
 "message":"[Consumer clientId=consumer-kafka-log-group-1, groupId=kafka-log-group] Unsubscribed all topics or patterns and assigned partitions",
 "exception":""}
{"timestamp":"2026-03-06T00:06:31.499",
 "level":"INFO",
 "service":"user-service",
 "thread":"org.springframework.kafka.KafkaListenerEndpointContainer#0-0-C-1",
 "traceId":"",
 "spanId":"",
 "correlationId":"",
 "jobId":"",
 "logger":"o.a.k.c.c.i.ConsumerCoordinator",
 "message":"[Consumer clientId=consumer-kafka-log-group-1, groupId=kafka-log-group] Resetting generation and member id due to: consumer pro-actively leaving the group",
 "exception":""}
{"timestamp":"2026-03-06T00:06:31.499",
 "level":"INFO",
 "service":"user-service",
 "thread":"org.springframework.kafka.KafkaListenerEndpointContainer#0-0-C-1",
 "traceId":"",
 "spanId":"",
 "correlationId":"",
 "jobId":"",
 "logger":"o.a.k.c.c.i.ConsumerCoordinator",
 "message":"[Consumer clientId=consumer-kafka-log-group-1, groupId=kafka-log-group] Request joining group due to: consumer pro-actively leaving the group",
 "exception":""}
{"timestamp":"2026-03-06T00:06:31.739",
 "level":"INFO",
 "service":"user-service",
 "thread":"org.springframework.kafka.KafkaListenerEndpointContainer#0-0-C-1",
 "traceId":"",
 "spanId":"",
 "correlationId":"",
 "jobId":"",
 "logger":"o.a.kafka.common.metrics.Metrics",
 "message":"Metrics scheduler closed",
 "exception":""}
{"timestamp":"2026-03-06T00:06:31.739",
 "level":"INFO",
 "service":"user-service",
 "thread":"org.springframework.kafka.KafkaListenerEndpointContainer#0-0-C-1",
 "traceId":"",
 "spanId":"",
 "correlationId":"",
 "jobId":"",
 "logger":"o.a.kafka.common.metrics.Metrics",
 "message":"Closing reporter org.apache.kafka.common.metrics.JmxReporter",
 "exception":""}
{"timestamp":"2026-03-06T00:06:31.740",
 "level":"INFO",
 "service":"user-service",
 "thread":"org.springframework.kafka.KafkaListenerEndpointContainer#0-0-C-1",
 "traceId":"",
 "spanId":"",
 "correlationId":"",
 "jobId":"",
 "logger":"o.a.kafka.common.metrics.Metrics",
 "message":"Closing reporter org.apache.kafka.common.telemetry.internals.ClientTelemetryReporter",
 "exception":""}
{"timestamp":"2026-03-06T00:06:31.740",
 "level":"INFO",
 "service":"user-service",
 "thread":"org.springframework.kafka.KafkaListenerEndpointContainer#0-0-C-1",
 "traceId":"",
 "spanId":"",
 "correlationId":"",
 "jobId":"",
 "logger":"o.a.kafka.common.metrics.Metrics",
 "message":"Metrics reporters closed",
 "exception":""}
{"timestamp":"2026-03-06T00:06:31.777",
 "level":"INFO",
 "service":"user-service",
 "thread":"org.springframework.kafka.KafkaListenerEndpointContainer#0-0-C-1",
 "traceId":"",
 "spanId":"",
 "correlationId":"",
 "jobId":"",
 "logger":"o.a.kafka.common.utils.AppInfoParser",
 "message":"App info kafka.consumer for consumer-kafka-log-group-1 unregistered",
 "exception":""}
{"timestamp":"2026-03-06T00:06:31.781",
 "level":"INFO",
 "service":"user-service",
 "thread":"org.springframework.kafka.KafkaListenerEndpointContainer#0-0-C-1",
 "traceId":"",
 "spanId":"",
 "correlationId":"",
 "jobId":"",
 "logger":"o.s.k.l.KafkaMessageListenerContainer",
 "message":"kafka-log-group: Consumer stopped",
 "exception":""}
{"timestamp":"2026-03-06T00:06:31.806",
 "level":"INFO",
 "service":"user-service",
 "thread":"SpringApplicationShutdownHook",
 "traceId":"",
 "spanId":"",
 "correlationId":"",
 "jobId":"",
 "logger":"o.s.boot.tomcat.GracefulShutdown",
 "message":"Commencing graceful shutdown. Waiting for active requests to complete",
 "exception":""}
{"timestamp":"2026-03-06T00:06:31.844",
 "level":"INFO",
 "service":"user-service",
 "thread":"tomcat-shutdown",
 "traceId":"",
 "spanId":"",
 "correlationId":"",
 "jobId":"",
 "logger":"o.s.boot.tomcat.GracefulShutdown",
 "message":"Graceful shutdown complete",
 "exception":""}
{"timestamp":"2026-03-06T00:06:31.938",
 "level":"INFO",
 "service":"user-service",
 "thread":"SpringApplicationShutdownHook",
 "traceId":"",
 "spanId":"",
 "correlationId":"",
 "jobId":"",
 "logger":"o.a.k.clients.producer.KafkaProducer",
 "message":"[Producer clientId=user-service-producer-1] Closing the Kafka producer with timeoutMillis = 30000 ms.",
 "exception":""}
{"timestamp":"2026-03-06T00:06:31.956",
 "level":"INFO",
 "service":"user-service",
 "thread":"SpringApplicationShutdownHook",
 "traceId":"",
 "spanId":"",
 "correlationId":"",
 "jobId":"",
 "logger":"o.a.kafka.common.metrics.Metrics",
 "message":"Metrics scheduler closed",
 "exception":""}
{"timestamp":"2026-03-06T00:06:31.957",
 "level":"INFO",
 "service":"user-service",
 "thread":"SpringApplicationShutdownHook",
 "traceId":"",
 "spanId":"",
 "correlationId":"",
 "jobId":"",
 "logger":"o.a.kafka.common.metrics.Metrics",
 "message":"Closing reporter org.apache.kafka.common.metrics.JmxReporter",
 "exception":""}
{"timestamp":"2026-03-06T00:06:31.958",
 "level":"INFO",
 "service":"user-service",
 "thread":"SpringApplicationShutdownHook",
 "traceId":"",
 "spanId":"",
 "correlationId":"",
 "jobId":"",
 "logger":"o.a.kafka.common.metrics.Metrics",
 "message":"Closing reporter org.apache.kafka.common.telemetry.internals.ClientTelemetryReporter",
 "exception":""}
{"timestamp":"2026-03-06T00:06:31.958",
 "level":"INFO",
 "service":"user-service",
 "thread":"SpringApplicationShutdownHook",
 "traceId":"",
 "spanId":"",
 "correlationId":"",
 "jobId":"",
 "logger":"o.a.kafka.common.metrics.Metrics",
 "message":"Metrics reporters closed",
 "exception":""}
{"timestamp":"2026-03-06T00:06:31.961",
 "level":"INFO",
 "service":"user-service",
 "thread":"SpringApplicationShutdownHook",
 "traceId":"",
 "spanId":"",
 "correlationId":"",
 "jobId":"",
 "logger":"o.a.kafka.common.utils.AppInfoParser",
 "message":"App info kafka.producer for user-service-producer-1 unregistered",
 "exception":""}
{"timestamp":"2026-03-06T00:06:32.004",
 "level":"INFO",
 "service":"user-service",
 "thread":"SpringApplicationShutdownHook",
 "traceId":"",
 "spanId":"",
 "correlationId":"",
 "jobId":"",
 "logger":"o.s.o.j.LocalContainerEntityManagerFactoryBean",
 "message":"Closing JPA EntityManagerFactory for persistence unit 'default'",
 "exception":""}
{"timestamp":"2026-03-06T00:06:32.032",
 "level":"INFO",
 "service":"user-service",
 "thread":"SpringApplicationShutdownHook",
 "traceId":"",
 "spanId":"",
 "correlationId":"",
 "jobId":"",
 "logger":"com.zaxxer.hikari.HikariDataSource",
 "message":"HikariPool-1 - Shutdown initiated...",
 "exception":""}
{"timestamp":"2026-03-06T00:06:32.050",
 "level":"INFO",
 "service":"user-service",
 "thread":"SpringApplicationShutdownHook",
 "traceId":"",
 "spanId":"",
 "correlationId":"",
 "jobId":"",
 "logger":"com.zaxxer.hikari.HikariDataSource",
 "message":"HikariPool-1 - Shutdown completed.",
 "exception":""}
{"timestamp":"2026-03-06T00:06:54.497",
 "level":"INFO",
 "service":"user-service",
 "thread":"main",
 "traceId":"",
 "spanId":"",
 "correlationId":"",
 "jobId":"",
 "logger":"s.userservice.UserServiceApplication",
 "message":"Starting UserServiceApplication using Java 25.0.1 with PID 16212 (D:\module project\base\user-service\target\classes started by 01957 in D:\module project\base)",
 "exception":""}
{"timestamp":"2026-03-06T00:06:54.510",
 "level":"DEBUG",
 "service":"user-service",
 "thread":"main",
 "traceId":"",
 "spanId":"",
 "correlationId":"",
 "jobId":"",
 "logger":"s.userservice.UserServiceApplication",
 "message":"Running with Spring Boot v4.0.0, Spring v7.0.1",
 "exception":""}
{"timestamp":"2026-03-06T00:06:54.512",
 "level":"INFO",
 "service":"user-service",
 "thread":"main",
 "traceId":"",
 "spanId":"",
 "correlationId":"",
 "jobId":"",
 "logger":"s.userservice.UserServiceApplication",
 "message":"The following 1 profile is active: "dev"",
 "exception":""}
{"timestamp":"2026-03-06T00:06:57.614",
 "level":"INFO",
 "service":"user-service",
 "thread":"main",
 "traceId":"",
 "spanId":"",
 "correlationId":"",
 "jobId":"",
 "logger":"o.s.d.r.c.RepositoryConfigurationDelegate",
 "message":"Multiple Spring Data modules found, entering strict repository configuration mode",
 "exception":""}
{"timestamp":"2026-03-06T00:06:57.618",
 "level":"INFO",
 "service":"user-service",
 "thread":"main",
 "traceId":"",
 "spanId":"",
 "correlationId":"",
 "jobId":"",
 "logger":"o.s.d.r.c.RepositoryConfigurationDelegate",
 "message":"Bootstrapping Spring Data JPA repositories in DEFAULT mode.",
 "exception":""}
{"timestamp":"2026-03-06T00:06:57.980",
 "level":"INFO",
 "service":"user-service",
 "thread":"main",
 "traceId":"",
 "spanId":"",
 "correlationId":"",
 "jobId":"",
 "logger":"o.s.d.r.c.RepositoryConfigurationDelegate",
 "message":"Finished Spring Data repository scanning in 340 ms. Found 1 JPA repository interface.",
 "exception":""}
{"timestamp":"2026-03-06T00:06:58.086",
 "level":"INFO",
 "service":"user-service",
 "thread":"main",
 "traceId":"",
 "spanId":"",
 "correlationId":"",
 "jobId":"",
 "logger":"o.s.d.r.c.RepositoryConfigurationDelegate",
 "message":"Multiple Spring Data modules found, entering strict repository configuration mode",
 "exception":""}
{"timestamp":"2026-03-06T00:06:58.089",
 "level":"INFO",
 "service":"user-service",
 "thread":"main",
 "traceId":"",
 "spanId":"",
 "correlationId":"",
 "jobId":"",
 "logger":"o.s.d.r.c.RepositoryConfigurationDelegate",
 "message":"Bootstrapping Spring Data Redis repositories in DEFAULT mode.",
 "exception":""}
{"timestamp":"2026-03-06T00:06:58.126",
 "level":"INFO",
 "service":"user-service",
 "thread":"main",
 "traceId":"",
 "spanId":"",
 "correlationId":"",
 "jobId":"",
 "logger":"o.s.d.r.c.RepositoryConfigurationExtensionSupport",
 "message":"Spring Data Redis - Could not safely identify store assignment for repository candidate interface snvn.userservice.repository.UserRepository; If you want this repository to be a Redis repository, consider annotating your entities with one of these annotations: org.springframework.data.redis.core.RedisHash (preferred), or consider extending one of the following types with your repository: org.springframework.data.keyvalue.repository.KeyValueRepository",
 "exception":""}
{"timestamp":"2026-03-06T00:06:58.127",
 "level":"INFO",
 "service":"user-service",
 "thread":"main",
 "traceId":"",
 "spanId":"",
 "correlationId":"",
 "jobId":"",
 "logger":"o.s.d.r.c.RepositoryConfigurationDelegate",
 "message":"Finished Spring Data repository scanning in 14 ms. Found 0 Redis repository interfaces.",
 "exception":""}
{"timestamp":"2026-03-06T00:06:58.928",
 "level":"WARN",
 "service":"user-service",
 "thread":"main",
 "traceId":"",
 "spanId":"",
 "correlationId":"",
 "jobId":"",
 "logger":"o.s.c.s.PostProcessorRegistrationDelegate$BeanPostProcessorChecker",
 "message":"Bean 'rabbitMQConfig' of type [snvn.rabbitmqservice.config.RabbitMQConfig$$SpringCGLIB$$0] is not eligible for getting processed by all BeanPostProcessors (for example: not eligible for auto-proxying). The currently created BeanPostProcessor [rabbitTemplateBeanPostProcessor] is declared through a non-static factory method on that class; consider declaring it as static instead.",
 "exception":""}
{"timestamp":"2026-03-06T00:06:59.205",
 "level":"WARN",
 "service":"user-service",
 "thread":"main",
 "traceId":"",
 "spanId":"",
 "correlationId":"",
 "jobId":"",
 "logger":"o.s.c.s.PostProcessorRegistrationDelegate$BeanPostProcessorChecker",
 "message":"Bean 'jackson2JsonMessageConverter' of type [org.springframework.amqp.support.converter.Jackson2JsonMessageConverter] is not eligible for getting processed by all BeanPostProcessors (for example: not eligible for auto-proxying). Is this bean getting eagerly injected/applied to a currently created BeanPostProcessor [rabbitTemplateBeanPostProcessor]? Check the corresponding BeanPostProcessor declaration and its dependencies/advisors. If this bean does not have to be post-processed, declare it with ROLE_INFRASTRUCTURE.",
 "exception":""}
{"timestamp":"2026-03-06T00:06:59.762",
 "level":"INFO",
 "service":"user-service",
 "thread":"main",
 "traceId":"",
 "spanId":"",
 "correlationId":"",
 "jobId":"",
 "logger":"o.s.boot.tomcat.TomcatWebServer",
 "message":"Tomcat initialized with port 8102 (http)",
 "exception":""}
{"timestamp":"2026-03-06T00:06:59.793",
 "level":"INFO",
 "service":"user-service",
 "thread":"main",
 "traceId":"",
 "spanId":"",
 "correlationId":"",
 "jobId":"",
 "logger":"o.a.catalina.core.StandardService",
 "message":"Starting service [Tomcat]",
 "exception":""}
{"timestamp":"2026-03-06T00:06:59.794",
 "level":"INFO",
 "service":"user-service",
 "thread":"main",
 "traceId":"",
 "spanId":"",
 "correlationId":"",
 "jobId":"",
 "logger":"o.a.catalina.core.StandardEngine",
 "message":"Starting Servlet engine: [Apache Tomcat/11.0.14]",
 "exception":""}
{"timestamp":"2026-03-06T00:06:59.920",
 "level":"INFO",
 "service":"user-service",
 "thread":"main",
 "traceId":"",
 "spanId":"",
 "correlationId":"",
 "jobId":"",
 "logger":"o.s.b.w.c.s.WebApplicationContextInitializer",
 "message":"Root WebApplicationContext: initialization completed in 5187 ms",
 "exception":""}
{"timestamp":"2026-03-06T00:07:01.370",
 "level":"WARN",
 "service":"user-service",
 "thread":"main",
 "traceId":"",
 "spanId":"",
 "correlationId":"",
 "jobId":"",
 "logger":"s.splunk.SplunkExternalLogService",
 "message":"SplunkExternalLogService: SSL verification DISABLED (dev only)",
 "exception":""}
{"timestamp":"2026-03-06T00:07:01.771",
 "level":"ERROR",
 "service":"user-service",
 "thread":"main",
 "traceId":"",
 "spanId":"",
 "correlationId":"",
 "jobId":"",
 "logger":"o.s.b.t.s.DeferredServletContainerInitializers",
 "message":"Error starting Tomcat context. Exception: org.springframework.beans.factory.UnsatisfiedDependencyException. Message: Error creating bean with name 'rateLimitingFilter' defined in file [D:\module project\base\user-service\target\classes\snvn\userservice\filter\RateLimitingFilter.class]: Unsatisfied dependency expressed through constructor parameter 1: Error creating bean with name 'compositeExternalLogService' defined in class path resource [snvn/common/logging/ExternalLogAutoConfiguration.class]: Unsatisfied dependency expressed through method 'compositeExternalLogService' parameter 0: Error creating bean with name 'kafkaExternalLogService' defined in class path resource [snvn/kafka/config/KafkaLogAutoConfiguration.class]: Unsatisfied dependency expressed through method 'kafkaExternalLogService' parameter 1: No qualifying bean of type 'org.springframework.kafka.core.KafkaTemplate<?, ?>' available: expected at least 1 bean which qualifies as autowire candidate. Dependency annotations: {}",
 "exception":""}
{"timestamp":"2026-03-06T00:07:01.825",
 "level":"INFO",
 "service":"user-service",
 "thread":"main",
 "traceId":"",
 "spanId":"",
 "correlationId":"",
 "jobId":"",
 "logger":"o.a.catalina.core.StandardService",
 "message":"Stopping service [Tomcat]",
 "exception":""}
{"timestamp":"2026-03-06T00:07:01.836",
 "level":"WARN",
 "service":"user-service",
 "thread":"main",
 "traceId":"",
 "spanId":"",
 "correlationId":"",
 "jobId":"",
 "logger":"o.a.c.loader.WebappClassLoaderBase",
 "message":"The web application [ROOT] appears to have started a thread named [lettuce-eventExecutorLoop-1-1] but has failed to stop it. This is very likely to create a memory leak. Stack trace of thread:
 java.base/jdk.internal.misc.Unsafe.park(Native Method)
 java.base/java.util.concurrent.locks.LockSupport.parkNanos(LockSupport.java:271)
 java.base/java.util.concurrent.locks.AbstractQueuedSynchronizer$ConditionObject.awaitNanos(AbstractQueuedSynchronizer.java:1803)
 java.base/java.util.concurrent.LinkedBlockingQueue.poll(LinkedBlockingQueue.java:460)
 io.netty.util.concurrent.SingleThreadEventExecutor.takeTask(SingleThreadEventExecutor.java:330)
 io.netty.util.concurrent.DefaultEventExecutor.run(DefaultEventExecutor.java:64)
 io.netty.util.concurrent.SingleThreadEventExecutor$5.run(SingleThreadEventExecutor.java:1193)
 io.netty.util.internal.ThreadExecutorMap$2.run(ThreadExecutorMap.java:74)
 io.netty.util.concurrent.FastThreadLocalRunnable.run(FastThreadLocalRunnable.java:30)
 java.base/java.lang.Thread.run(Thread.java:1474)",
 "exception":""}
{"timestamp":"2026-03-06T00:07:01.837",
 "level":"WARN",
 "service":"user-service",
 "thread":"main",
 "traceId":"",
 "spanId":"",
 "correlationId":"",
 "jobId":"",
 "logger":"o.a.c.loader.WebappClassLoaderBase",
 "message":"The web application [ROOT] appears to have started a thread named [lettuce-timer-3-1] but has failed to stop it. This is very likely to create a memory leak. Stack trace of thread:
 java.base/java.lang.Thread.sleepNanos0(Native Method)
 java.base/java.lang.Thread.sleepNanos(Thread.java:509)
 java.base/java.lang.Thread.sleep(Thread.java:540)
 io.netty.util.HashedWheelTimer$Worker.waitForNextTick(HashedWheelTimer.java:598)
 io.netty.util.HashedWheelTimer$Worker.run(HashedWheelTimer.java:494)
 io.netty.util.concurrent.FastThreadLocalRunnable.run(FastThreadLocalRunnable.java:30)
 java.base/java.lang.Thread.run(Thread.java:1474)",
 "exception":""}
{"timestamp":"2026-03-06T00:07:01.840",
 "level":"WARN",
 "service":"user-service",
 "thread":"main",
 "traceId":"",
 "spanId":"",
 "correlationId":"",
 "jobId":"",
 "logger":"o.s.b.w.s.s.c.AnnotationConfigServletWebServerApplicationContext",
 "message":"Exception encountered during context initialization - cancelling refresh attempt: org.springframework.context.ApplicationContextException: Unable to start web server",
 "exception":""}
{"timestamp":"2026-03-06T00:07:01.879",
 "level":"INFO",
 "service":"user-service",
 "thread":"main",
 "traceId":"",
 "spanId":"",
 "correlationId":"",
 "jobId":"",
 "logger":"o.s.b.a.l.ConditionEvaluationReportLogger",
 "message":"

Error starting ApplicationContext. To display the condition evaluation report re-run your application with 'debug' enabled.",
 "exception":""}
{"timestamp":"2026-03-06T00:07:01.920",
 "level":"ERROR",
 "service":"user-service",
 "thread":"main",
 "traceId":"",
 "spanId":"",
 "correlationId":"",
 "jobId":"",
 "logger":"o.s.b.d.LoggingFailureAnalysisReporter",
 "message":"

***************************
APPLICATION FAILED TO START
***************************

Description:

Parameter 1 of method kafkaExternalLogService in snvn.kafka.config.KafkaLogAutoConfiguration required a bean of type 'org.springframework.kafka.core.KafkaTemplate' that could not be found.


Action:

Consider defining a bean of type 'org.springframework.kafka.core.KafkaTemplate' in your configuration.
",
 "exception":""}
{"timestamp":"2026-03-06T00:13:02.218",
 "level":"INFO",
 "service":"user-service",
 "thread":"main",
 "traceId":"",
 "spanId":"",
 "correlationId":"",
 "jobId":"",
 "logger":"s.userservice.UserServiceApplication",
 "message":"Starting UserServiceApplication using Java 25.0.1 with PID 19880 (D:\module project\base\user-service\target\classes started by 01957 in D:\module project\base)",
 "exception":""}
{"timestamp":"2026-03-06T00:13:02.233",
 "level":"DEBUG",
 "service":"user-service",
 "thread":"main",
 "traceId":"",
 "spanId":"",
 "correlationId":"",
 "jobId":"",
 "logger":"s.userservice.UserServiceApplication",
 "message":"Running with Spring Boot v4.0.0, Spring v7.0.1",
 "exception":""}
{"timestamp":"2026-03-06T00:13:02.235",
 "level":"INFO",
 "service":"user-service",
 "thread":"main",
 "traceId":"",
 "spanId":"",
 "correlationId":"",
 "jobId":"",
 "logger":"s.userservice.UserServiceApplication",
 "message":"The following 1 profile is active: "dev"",
 "exception":""}
{"timestamp":"2026-03-06T00:13:06.625",
 "level":"INFO",
 "service":"user-service",
 "thread":"main",
 "traceId":"",
 "spanId":"",
 "correlationId":"",
 "jobId":"",
 "logger":"o.s.d.r.c.RepositoryConfigurationDelegate",
 "message":"Multiple Spring Data modules found, entering strict repository configuration mode",
 "exception":""}
{"timestamp":"2026-03-06T00:13:06.629",
 "level":"INFO",
 "service":"user-service",
 "thread":"main",
 "traceId":"",
 "spanId":"",
 "correlationId":"",
 "jobId":"",
 "logger":"o.s.d.r.c.RepositoryConfigurationDelegate",
 "message":"Bootstrapping Spring Data JPA repositories in DEFAULT mode.",
 "exception":""}
{"timestamp":"2026-03-06T00:13:07.076",
 "level":"INFO",
 "service":"user-service",
 "thread":"main",
 "traceId":"",
 "spanId":"",
 "correlationId":"",
 "jobId":"",
 "logger":"o.s.d.r.c.RepositoryConfigurationDelegate",
 "message":"Finished Spring Data repository scanning in 420 ms. Found 1 JPA repository interface.",
 "exception":""}
{"timestamp":"2026-03-06T00:13:07.185",
 "level":"INFO",
 "service":"user-service",
 "thread":"main",
 "traceId":"",
 "spanId":"",
 "correlationId":"",
 "jobId":"",
 "logger":"o.s.d.r.c.RepositoryConfigurationDelegate",
 "message":"Multiple Spring Data modules found, entering strict repository configuration mode",
 "exception":""}
{"timestamp":"2026-03-06T00:13:07.187",
 "level":"INFO",
 "service":"user-service",
 "thread":"main",
 "traceId":"",
 "spanId":"",
 "correlationId":"",
 "jobId":"",
 "logger":"o.s.d.r.c.RepositoryConfigurationDelegate",
 "message":"Bootstrapping Spring Data Redis repositories in DEFAULT mode.",
 "exception":""}
{"timestamp":"2026-03-06T00:13:07.225",
 "level":"INFO",
 "service":"user-service",
 "thread":"main",
 "traceId":"",
 "spanId":"",
 "correlationId":"",
 "jobId":"",
 "logger":"o.s.d.r.c.RepositoryConfigurationExtensionSupport",
 "message":"Spring Data Redis - Could not safely identify store assignment for repository candidate interface snvn.userservice.repository.UserRepository; If you want this repository to be a Redis repository, consider annotating your entities with one of these annotations: org.springframework.data.redis.core.RedisHash (preferred), or consider extending one of the following types with your repository: org.springframework.data.keyvalue.repository.KeyValueRepository",
 "exception":""}
{"timestamp":"2026-03-06T00:13:07.226",
 "level":"INFO",
 "service":"user-service",
 "thread":"main",
 "traceId":"",
 "spanId":"",
 "correlationId":"",
 "jobId":"",
 "logger":"o.s.d.r.c.RepositoryConfigurationDelegate",
 "message":"Finished Spring Data repository scanning in 14 ms. Found 0 Redis repository interfaces.",
 "exception":""}
{"timestamp":"2026-03-06T00:13:08.095",
 "level":"WARN",
 "service":"user-service",
 "thread":"main",
 "traceId":"",
 "spanId":"",
 "correlationId":"",
 "jobId":"",
 "logger":"o.s.c.s.PostProcessorRegistrationDelegate$BeanPostProcessorChecker",
 "message":"Bean 'rabbitMQConfig' of type [snvn.rabbitmqservice.config.RabbitMQConfig$$SpringCGLIB$$0] is not eligible for getting processed by all BeanPostProcessors (for example: not eligible for auto-proxying). The currently created BeanPostProcessor [rabbitTemplateBeanPostProcessor] is declared through a non-static factory method on that class; consider declaring it as static instead.",
 "exception":""}
{"timestamp":"2026-03-06T00:13:08.384",
 "level":"WARN",
 "service":"user-service",
 "thread":"main",
 "traceId":"",
 "spanId":"",
 "correlationId":"",
 "jobId":"",
 "logger":"o.s.c.s.PostProcessorRegistrationDelegate$BeanPostProcessorChecker",
 "message":"Bean 'jackson2JsonMessageConverter' of type [org.springframework.amqp.support.converter.Jackson2JsonMessageConverter] is not eligible for getting processed by all BeanPostProcessors (for example: not eligible for auto-proxying). Is this bean getting eagerly injected/applied to a currently created BeanPostProcessor [rabbitTemplateBeanPostProcessor]? Check the corresponding BeanPostProcessor declaration and its dependencies/advisors. If this bean does not have to be post-processed, declare it with ROLE_INFRASTRUCTURE.",
 "exception":""}
{"timestamp":"2026-03-06T00:13:09.096",
 "level":"INFO",
 "service":"user-service",
 "thread":"main",
 "traceId":"",
 "spanId":"",
 "correlationId":"",
 "jobId":"",
 "logger":"o.s.boot.tomcat.TomcatWebServer",
 "message":"Tomcat initialized with port 8102 (http)",
 "exception":""}
{"timestamp":"2026-03-06T00:13:09.139",
 "level":"INFO",
 "service":"user-service",
 "thread":"main",
 "traceId":"",
 "spanId":"",
 "correlationId":"",
 "jobId":"",
 "logger":"o.a.catalina.core.StandardService",
 "message":"Starting service [Tomcat]",
 "exception":""}
{"timestamp":"2026-03-06T00:13:09.140",
 "level":"INFO",
 "service":"user-service",
 "thread":"main",
 "traceId":"",
 "spanId":"",
 "correlationId":"",
 "jobId":"",
 "logger":"o.a.catalina.core.StandardEngine",
 "message":"Starting Servlet engine: [Apache Tomcat/11.0.14]",
 "exception":""}
{"timestamp":"2026-03-06T00:13:09.282",
 "level":"INFO",
 "service":"user-service",
 "thread":"main",
 "traceId":"",
 "spanId":"",
 "correlationId":"",
 "jobId":"",
 "logger":"o.s.b.w.c.s.WebApplicationContextInitializer",
 "message":"Root WebApplicationContext: initialization completed in 6763 ms",
 "exception":""}
{"timestamp":"2026-03-06T00:13:10.714",
 "level":"WARN",
 "service":"user-service",
 "thread":"main",
 "traceId":"",
 "spanId":"",
 "correlationId":"",
 "jobId":"",
 "logger":"s.splunk.SplunkExternalLogService",
 "message":"SplunkExternalLogService: SSL verification DISABLED (dev only)",
 "exception":""}
{"timestamp":"2026-03-06T00:13:11.163",
 "level":"INFO",
 "service":"user-service",
 "thread":"main",
 "traceId":"",
 "spanId":"",
 "correlationId":"",
 "jobId":"",
 "logger":"s.c.l.CompositeExternalLogService",
 "message":"CompositeExternalLogService initialized with 3 delegate(s): [SplunkExternalLogService, RabbitMQExternalLogServiceImplementation, KafkaExternalLogServiceImplementation]",
 "exception":""}
{"timestamp":"2026-03-06T00:13:11.260",
 "level":"DEBUG",
 "service":"user-service",
 "thread":"main",
 "traceId":"",
 "spanId":"",
 "correlationId":"",
 "jobId":"",
 "logger":"s.u.filter.RateLimitingFilter",
 "message":"Filter 'rateLimitingFilter' configured for use",
 "exception":""}
{"timestamp":"2026-03-06T00:13:11.557",
 "level":"INFO",
 "service":"user-service",
 "thread":"main",
 "traceId":"",
 "spanId":"",
 "correlationId":"",
 "jobId":"",
 "logger":"o.h.jpa.internal.util.LogHelper",
 "message":"HHH000204: Processing PersistenceUnitInfo [name: default]",
 "exception":""}
{"timestamp":"2026-03-06T00:13:11.747",
 "level":"INFO",
 "service":"user-service",
 "thread":"main",
 "traceId":"",
 "spanId":"",
 "correlationId":"",
 "jobId":"",
 "logger":"org.hibernate.Version",
 "message":"HHH000412: Hibernate ORM core version 7.1.8.Final",
 "exception":""}
{"timestamp":"2026-03-06T00:13:13.181",
 "level":"INFO",
 "service":"user-service",
 "thread":"main",
 "traceId":"",
 "spanId":"",
 "correlationId":"",
 "jobId":"",
 "logger":"o.s.o.j.p.SpringPersistenceUnitInfo",
 "message":"No LoadTimeWeaver setup: ignoring JPA class transformer",
 "exception":""}
{"timestamp":"2026-03-06T00:13:13.298",
 "level":"INFO",
 "service":"user-service",
 "thread":"main",
 "traceId":"",
 "spanId":"",
 "correlationId":"",
 "jobId":"",
 "logger":"com.zaxxer.hikari.HikariDataSource",
 "message":"HikariPool-1 - Starting...",
 "exception":""}
{"timestamp":"2026-03-06T00:13:13.707",
 "level":"INFO",
 "service":"user-service",
 "thread":"main",
 "traceId":"",
 "spanId":"",
 "correlationId":"",
 "jobId":"",
 "logger":"com.zaxxer.hikari.pool.HikariPool",
 "message":"HikariPool-1 - Added connection conn0: url=jdbc:h2:mem:userdb user=SA",
 "exception":""}
{"timestamp":"2026-03-06T00:13:13.711",
 "level":"INFO",
 "service":"user-service",
 "thread":"main",
 "traceId":"",
 "spanId":"",
 "correlationId":"",
 "jobId":"",
 "logger":"com.zaxxer.hikari.HikariDataSource",
 "message":"HikariPool-1 - Start completed.",
 "exception":""}
{"timestamp":"2026-03-06T00:13:13.777",
 "level":"WARN",
 "service":"user-service",
 "thread":"main",
 "traceId":"",
 "spanId":"",
 "correlationId":"",
 "jobId":"",
 "logger":"org.hibernate.orm.deprecation",
 "message":"HHH90000025: H2Dialect does not need to be specified explicitly using 'hibernate.dialect' (remove the property setting and it will be selected by default)",
 "exception":""}
{"timestamp":"2026-03-06T00:13:13.831",
 "level":"INFO",
 "service":"user-service",
 "thread":"main",
 "traceId":"",
 "spanId":"",
 "correlationId":"",
 "jobId":"",
 "logger":"o.hibernate.orm.connections.pooling",
 "message":"HHH10001005: Database info:
	Database JDBC URL [jdbc:h2:mem:userdb]
	Database driver: H2 JDBC Driver
	Database dialect: H2Dialect
	Database version: 2.4.240
	Default catalog/schema: USERDB/PUBLIC
	Autocommit mode: undefined/unknown
	Isolation level: READ_COMMITTED [default READ_COMMITTED]
	JDBC fetch size: 100
	Pool: DatasourceConnectionProviderImpl
	Minimum pool size: undefined/unknown
	Maximum pool size: undefined/unknown",
 "exception":""}
{"timestamp":"2026-03-06T00:13:16.119",
 "level":"INFO",
 "service":"user-service",
 "thread":"main",
 "traceId":"",
 "spanId":"",
 "correlationId":"",
 "jobId":"",
 "logger":"o.h.e.t.j.p.i.JtaPlatformInitiator",
 "message":"HHH000489: No JTA platform available (set 'hibernate.transaction.jta.platform' to enable JTA platform integration)",
 "exception":""}
{"timestamp":"2026-03-06T00:13:16.276",
 "level":"INFO",
 "service":"user-service",
 "thread":"main",
 "traceId":"",
 "spanId":"",
 "correlationId":"",
 "jobId":"",
 "logger":"o.s.o.j.LocalContainerEntityManagerFactoryBean",
 "message":"Initialized JPA EntityManagerFactory for persistence unit 'default'",
 "exception":""}
{"timestamp":"2026-03-06T00:13:16.458",
 "level":"INFO",
 "service":"user-service",
 "thread":"main",
 "traceId":"",
 "spanId":"",
 "correlationId":"",
 "jobId":"",
 "logger":"o.s.d.j.r.q.QueryEnhancerFactories",
 "message":"Hibernate is in classpath; If applicable, HQL parser will be used.",
 "exception":""}
{"timestamp":"2026-03-06T00:13:16.874",
 "level":"INFO",
 "service":"user-service",
 "thread":"main",
 "traceId":"",
 "spanId":"",
 "correlationId":"",
 "jobId":"",
 "logger":"s.c.exception.GlobalExceptionHandler",
 "message":"GlobalExceptionHandler initialized with: CompositeExternalLogService",
 "exception":""}
{"timestamp":"2026-03-06T00:13:16.988",
 "level":"WARN",
 "service":"user-service",
 "thread":"main",
 "traceId":"",
 "spanId":"",
 "correlationId":"",
 "jobId":"",
 "logger":"o.s.b.j.a.JpaBaseConfiguration$JpaWebConfiguration",
 "message":"spring.jpa.open-in-view is enabled by default. Therefore, database queries may be performed during view rendering. Explicitly configure spring.jpa.open-in-view to disable this warning",
 "exception":""}
{"timestamp":"2026-03-06T00:13:18.412",
 "level":"INFO",
 "service":"user-service",
 "thread":"main",
 "traceId":"",
 "spanId":"",
 "correlationId":"",
 "jobId":"",
 "logger":"o.s.b.a.e.web.EndpointLinksResolver",
 "message":"Exposing 2 endpoints beneath base path '/actuator'",
 "exception":""}
{"timestamp":"2026-03-06T00:13:18.726",
 "level":"INFO",
 "service":"user-service",
 "thread":"main",
 "traceId":"",
 "spanId":"",
 "correlationId":"",
 "jobId":"",
 "logger":"o.s.boot.tomcat.TomcatWebServer",
 "message":"Tomcat started on port 8102 (http) with context path '/'",
 "exception":""}
{"timestamp":"2026-03-06T00:13:18.733",
 "level":"INFO",
 "service":"user-service",
 "thread":"main",
 "traceId":"",
 "spanId":"",
 "correlationId":"",
 "jobId":"",
 "logger":"o.s.a.r.c.CachingConnectionFactory",
 "message":"Attempting to connect to: [localhost:5672]",
 "exception":""}
{"timestamp":"2026-03-06T00:13:18.954",
 "level":"INFO",
 "service":"user-service",
 "thread":"main",
 "traceId":"",
 "spanId":"",
 "correlationId":"",
 "jobId":"",
 "logger":"o.s.a.r.c.CachingConnectionFactory",
 "message":"Created new connection: rabbitConnectionFactory#64908ab9:0/SimpleConnection@496de48b [delegate=amqp://admin@0:0:0:0:0:0:0:1:5672/, localPort=53290]",
 "exception":""}
{"timestamp":"2026-03-06T00:13:19.170",
 "level":"INFO",
 "service":"user-service",
 "thread":"main",
 "traceId":"",
 "spanId":"",
 "correlationId":"",
 "jobId":"",
 "logger":"s.userservice.UserServiceApplication",
 "message":"Started UserServiceApplication in 19.951 seconds (process running for 22.617)",
 "exception":""}
{"timestamp":"2026-03-06T00:13:43.949",
 "level":"INFO",
 "service":"user-service",
 "thread":"http-nio-8102-exec-1",
 "traceId":"",
 "spanId":"",
 "correlationId":"",
 "jobId":"",
 "logger":"o.a.c.c.C.[Tomcat].[localhost].[/]",
 "message":"Initializing Spring DispatcherServlet 'dispatcherServlet'",
 "exception":""}
{"timestamp":"2026-03-06T00:13:43.951",
 "level":"INFO",
 "service":"user-service",
 "thread":"http-nio-8102-exec-1",
 "traceId":"",
 "spanId":"",
 "correlationId":"",
 "jobId":"",
 "logger":"o.s.web.servlet.DispatcherServlet",
 "message":"Initializing Servlet 'dispatcherServlet'",
 "exception":""}
{"timestamp":"2026-03-06T00:13:43.969",
 "level":"INFO",
 "service":"user-service",
 "thread":"http-nio-8102-exec-1",
 "traceId":"",
 "spanId":"",
 "correlationId":"",
 "jobId":"",
 "logger":"o.s.web.servlet.DispatcherServlet",
 "message":"Completed initialization in 17 ms",
 "exception":""}
{"timestamp":"2026-03-06T00:13:44.004",
 "level":"DEBUG",
 "service":"user-service",
 "thread":"http-nio-8102-exec-1",
 "traceId":"7610f2e5cb09459ca1db647c7f25f70c",
 "spanId":"09aa212413144775",
 "correlationId":"b9e98dad-b854-4f68-ae8c-4b778953e818",
 "jobId":"",
 "logger":"snvn.common.filter.MdcLoggingFilter",
 "message":"MDC context set - traceId=7610f2e5cb09459ca1db647c7f25f70c, spanId=09aa212413144775, correlationId=b9e98dad-b854-4f68-ae8c-4b778953e818 [fromHeaders: trace=true, span=true, correlation=true]",
 "exception":""}
{"timestamp":"2026-03-06T00:13:44.752",
 "level":"INFO",
 "service":"user-service",
 "thread":"ForkJoinPool.commonPool-worker-1",
 "traceId":"7610f2e5cb09459ca1db647c7f25f70c",
 "spanId":"09aa212413144775",
 "correlationId":"b9e98dad-b854-4f68-ae8c-4b778953e818",
 "jobId":"",
 "logger":"o.a.k.common.config.AbstractConfig",
 "message":"ProducerConfig values: 
	acks = -1
	batch.size = 16384
	bootstrap.servers = [localhost:9092]
	buffer.memory = 33554432
	client.dns.lookup = use_all_dns_ips
	client.id = producer-1
	compression.gzip.level = -1
	compression.lz4.level = 9
	compression.type = none
	compression.zstd.level = 3
	connections.max.idle.ms = 540000
	delivery.timeout.ms = 120000
	enable.idempotence = true
	enable.metrics.push = true
	interceptor.classes = []
	key.serializer = class org.apache.kafka.common.serialization.StringSerializer
	linger.ms = 5
	max.block.ms = 60000
	max.in.flight.requests.per.connection = 5
	max.request.size = 1048576
	metadata.max.age.ms = 300000
	metadata.max.idle.ms = 300000
	metadata.recovery.rebootstrap.trigger.ms = 300000
	metadata.recovery.strategy = rebootstrap
	metric.reporters = [org.apache.kafka.common.metrics.JmxReporter]
	metrics.num.samples = 2
	metrics.recording.level = INFO
	metrics.sample.window.ms = 30000
	partitioner.adaptive.partitioning.enable = true
	partitioner.availability.timeout.ms = 0
	partitioner.class = null
	partitioner.ignore.keys = false
	receive.buffer.bytes = 32768
	reconnect.backoff.max.ms = 1000
	reconnect.backoff.ms = 50
	request.timeout.ms = 30000
	retries = 2147483647
	retry.backoff.max.ms = 1000
	retry.backoff.ms = 100
	sasl.client.callback.handler.class = null
	sasl.jaas.config = null
	sasl.kerberos.kinit.cmd = /usr/bin/kinit
	sasl.kerberos.min.time.before.relogin = 60000
	sasl.kerberos.service.name = null
	sasl.kerberos.ticket.renew.jitter = 0.05
	sasl.kerberos.ticket.renew.window.factor = 0.8
	sasl.login.callback.handler.class = null
	sasl.login.class = null
	sasl.login.connect.timeout.ms = null
	sasl.login.read.timeout.ms = null
	sasl.login.refresh.buffer.seconds = 300
	sasl.login.refresh.min.period.seconds = 60
	sasl.login.refresh.window.factor = 0.8
	sasl.login.refresh.window.jitter = 0.05
	sasl.login.retry.backoff.max.ms = 10000
	sasl.login.retry.backoff.ms = 100
	sasl.mechanism = GSSAPI
	sasl.oauthbearer.assertion.algorithm = RS256
	sasl.oauthbearer.assertion.claim.aud = null
	sasl.oauthbearer.assertion.claim.exp.seconds = 300
	sasl.oauthbearer.assertion.claim.iss = null
	sasl.oauthbearer.assertion.claim.jti.include = false
	sasl.oauthbearer.assertion.claim.nbf.seconds = 60
	sasl.oauthbearer.assertion.claim.sub = null
	sasl.oauthbearer.assertion.file = null
	sasl.oauthbearer.assertion.private.key.file = null
	sasl.oauthbearer.assertion.private.key.passphrase = null
	sasl.oauthbearer.assertion.template.file = null
	sasl.oauthbearer.client.credentials.client.id = null
	sasl.oauthbearer.client.credentials.client.secret = null
	sasl.oauthbearer.clock.skew.seconds = 30
	sasl.oauthbearer.expected.audience = null
	sasl.oauthbearer.expected.issuer = null
	sasl.oauthbearer.header.urlencode = false
	sasl.oauthbearer.jwks.endpoint.refresh.ms = 3600000
	sasl.oauthbearer.jwks.endpoint.retry.backoff.max.ms = 10000
	sasl.oauthbearer.jwks.endpoint.retry.backoff.ms = 100
	sasl.oauthbearer.jwks.endpoint.url = null
	sasl.oauthbearer.jwt.retriever.class = class org.apache.kafka.common.security.oauthbearer.DefaultJwtRetriever
	sasl.oauthbearer.jwt.validator.class = class org.apache.kafka.common.security.oauthbearer.DefaultJwtValidator
	sasl.oauthbearer.scope = null
	sasl.oauthbearer.scope.claim.name = scope
	sasl.oauthbearer.sub.claim.name = sub
	sasl.oauthbearer.token.endpoint.url = null
	security.protocol = PLAINTEXT
	security.providers = null
	send.buffer.bytes = 131072
	socket.connection.setup.timeout.max.ms = 30000
	socket.connection.setup.timeout.ms = 10000
	ssl.cipher.suites = null
	ssl.enabled.protocols = [TLSv1.2, TLSv1.3]
	ssl.endpoint.identification.algorithm = https
	ssl.engine.factory.class = null
	ssl.key.password = null
	ssl.keymanager.algorithm = SunX509
	ssl.keystore.certificate.chain = null
	ssl.keystore.key = null
	ssl.keystore.location = null
	ssl.keystore.password = null
	ssl.keystore.type = JKS
	ssl.protocol = TLSv1.3
	ssl.provider = null
	ssl.secure.random.implementation = null
	ssl.trustmanager.algorithm = PKIX
	ssl.truststore.certificates = null
	ssl.truststore.location = null
	ssl.truststore.password = null
	ssl.truststore.type = JKS
	transaction.timeout.ms = 60000
	transaction.two.phase.commit.enable = false
	transactional.id = null
	value.serializer = class org.springframework.kafka.support.serializer.JsonSerializer
",
 "exception":""}
{"timestamp":"2026-03-06T00:13:45.479",
 "level":"INFO",
 "service":"user-service",
 "thread":"ForkJoinPool.commonPool-worker-1",
 "traceId":"7610f2e5cb09459ca1db647c7f25f70c",
 "spanId":"09aa212413144775",
 "correlationId":"b9e98dad-b854-4f68-ae8c-4b778953e818",
 "jobId":"",
 "logger":"o.a.k.c.t.i.KafkaMetricsCollector",
 "message":"initializing Kafka metrics collector",
 "exception":""}
{"timestamp":"2026-03-06T00:13:45.941",
 "level":"INFO",
 "service":"user-service",
 "thread":"ForkJoinPool.commonPool-worker-1",
 "traceId":"7610f2e5cb09459ca1db647c7f25f70c",
 "spanId":"09aa212413144775",
 "correlationId":"b9e98dad-b854-4f68-ae8c-4b778953e818",
 "jobId":"",
 "logger":"o.a.k.clients.producer.KafkaProducer",
 "message":"[Producer clientId=producer-1] Instantiated an idempotent producer.",
 "exception":""}
{"timestamp":"2026-03-06T00:13:46.810",
 "level":"INFO",
 "service":"user-service",
 "thread":"ForkJoinPool.commonPool-worker-1",
 "traceId":"7610f2e5cb09459ca1db647c7f25f70c",
 "spanId":"09aa212413144775",
 "correlationId":"b9e98dad-b854-4f68-ae8c-4b778953e818",
 "jobId":"",
 "logger":"o.a.kafka.common.utils.AppInfoParser",
 "message":"Kafka version: 4.1.1",
 "exception":""}
{"timestamp":"2026-03-06T00:13:46.811",
 "level":"INFO",
 "service":"user-service",
 "thread":"ForkJoinPool.commonPool-worker-1",
 "traceId":"7610f2e5cb09459ca1db647c7f25f70c",
 "spanId":"09aa212413144775",
 "correlationId":"b9e98dad-b854-4f68-ae8c-4b778953e818",
 "jobId":"",
 "logger":"o.a.kafka.common.utils.AppInfoParser",
 "message":"Kafka commitId: be816b82d25370ce",
 "exception":""}
{"timestamp":"2026-03-06T00:13:46.861",
 "level":"INFO",
 "service":"user-service",
 "thread":"ForkJoinPool.commonPool-worker-1",
 "traceId":"7610f2e5cb09459ca1db647c7f25f70c",
 "spanId":"09aa212413144775",
 "correlationId":"b9e98dad-b854-4f68-ae8c-4b778953e818",
 "jobId":"",
 "logger":"o.a.kafka.common.utils.AppInfoParser",
 "message":"Kafka startTimeMs: 1772734426736",
 "exception":""}
{"timestamp":"2026-03-06T00:13:56.510",
 "level":"INFO",
 "service":"user-service",
 "thread":"kafka-producer-network-thread | producer-1",
 "traceId":"",
 "spanId":"",
 "correlationId":"",
 "jobId":"",
 "logger":"org.apache.kafka.clients.Metadata",
 "message":"[Producer clientId=producer-1] Cluster ID: RZM5JUN0Tn-k2TdCZRksfQ",
 "exception":""}
{"timestamp":"2026-03-06T00:13:57.246",
 "level":"INFO",
 "service":"user-service",
 "thread":"kafka-producer-network-thread | producer-1",
 "traceId":"",
 "spanId":"",
 "correlationId":"",
 "jobId":"",
 "logger":"o.a.k.c.p.i.TransactionManager",
 "message":"[Producer clientId=producer-1] ProducerId set to 0 with epoch 0",
 "exception":""}
{"timestamp":"2026-03-06T00:13:57.265",
 "level":"DEBUG",
 "service":"user-service",
 "thread":"ForkJoinPool.commonPool-worker-1",
 "traceId":"7610f2e5cb09459ca1db647c7f25f70c",
 "spanId":"09aa212413144775",
 "correlationId":"b9e98dad-b854-4f68-ae8c-4b778953e818",
 "jobId":"",
 "logger":"s.k.c.KafkaExternalLogServiceImplementation",
 "message":"Log event sent to Kafka successfully",
 "exception":""}
{"timestamp":"2026-03-06T00:14:02.476",
 "level":"INFO",
 "service":"user-service",
 "thread":"http-nio-8102-exec-1",
 "traceId":"7610f2e5cb09459ca1db647c7f25f70c",
 "spanId":"09aa212413144775",
 "correlationId":"b9e98dad-b854-4f68-ae8c-4b778953e818",
 "jobId":"",
 "logger":"s.u.f.RequestLoggingFilterByKafka",
 "message":"Request completed by kafka: POST /api/users status=201 duration=18310ms",
 "exception":""}
{"timestamp":"2026-03-06T00:14:02.521",
 "level":"DEBUG",
 "service":"user-service",
 "thread":"ForkJoinPool.commonPool-worker-2",
 "traceId":"7610f2e5cb09459ca1db647c7f25f70c",
 "spanId":"09aa212413144775",
 "correlationId":"b9e98dad-b854-4f68-ae8c-4b778953e818",
 "jobId":"",
 "logger":"s.k.c.KafkaExternalLogServiceImplementation",
 "message":"Log event sent to Kafka successfully",
 "exception":""}
{"timestamp":"2026-03-06T00:14:02.577",
 "level":"DEBUG",
 "service":"user-service",
 "thread":"ForkJoinPool.commonPool-worker-1",
 "traceId":"7610f2e5cb09459ca1db647c7f25f70c",
 "spanId":"09aa212413144775",
 "correlationId":"b9e98dad-b854-4f68-ae8c-4b778953e818",
 "jobId":"",
 "logger":"s.splunk.SplunkExternalLogService",
 "message":"Log sent to Splunk successfully",
 "exception":""}
