{"timestamp":"2026-03-14T02:04:16.047",
 "level":"INFO",
 "service":"rabbitmq-service",
 "thread":"main",
 "traceId":"",
 "spanId":"",
 "correlationId":"",
 "jobId":"",
 "logger":"s.r.RabbitMQServiceApplicationTests",
 "message":"Starting RabbitMQServiceApplicationTests using Java 21.0.7 with PID 3500 (started by 01957 in D:\module project\base\rabbitmq-service)",
 "exception":""}

{"timestamp":"2026-03-14T02:04:16.062",
 "level":"DEBUG",
 "service":"rabbitmq-service",
 "thread":"main",
 "traceId":"",
 "spanId":"",
 "correlationId":"",
 "jobId":"",
 "logger":"s.r.RabbitMQServiceApplicationTests",
 "message":"Running with Spring Boot v4.0.0, Spring v7.0.1",
 "exception":""}

{"timestamp":"2026-03-14T02:04:16.065",
 "level":"INFO",
 "service":"rabbitmq-service",
 "thread":"main",
 "traceId":"",
 "spanId":"",
 "correlationId":"",
 "jobId":"",
 "logger":"s.r.RabbitMQServiceApplicationTests",
 "message":"No active profile set, falling back to 1 default profile: "default"",
 "exception":""}

{"timestamp":"2026-03-14T02:04:18.950",
 "level":"INFO",
 "service":"rabbitmq-service",
 "thread":"main",
 "traceId":"",
 "spanId":"",
 "correlationId":"",
 "jobId":"",
 "logger":"o.s.d.r.c.RepositoryConfigurationDelegate",
 "message":"Bootstrapping Spring Data JPA repositories in DEFAULT mode.",
 "exception":""}

{"timestamp":"2026-03-14T02:04:19.059",
 "level":"INFO",
 "service":"rabbitmq-service",
 "thread":"main",
 "traceId":"",
 "spanId":"",
 "correlationId":"",
 "jobId":"",
 "logger":"o.s.d.r.c.RepositoryConfigurationDelegate",
 "message":"Finished Spring Data repository scanning in 89 ms. Found 1 JPA repository interface.",
 "exception":""}

{"timestamp":"2026-03-14T02:04:20.103",
 "level":"WARN",
 "service":"rabbitmq-service",
 "thread":"main",
 "traceId":"",
 "spanId":"",
 "correlationId":"",
 "jobId":"",
 "logger":"o.s.c.s.PostProcessorRegistrationDelegate$BeanPostProcessorChecker",
 "message":"Bean 'rabbitMQConfig' of type [snvn.rabbitmqservice.config.RabbitMQConfig$$SpringCGLIB$$0] is not eligible for getting processed by all BeanPostProcessors (for example: not eligible for auto-proxying). The currently created BeanPostProcessor [rabbitTemplateBeanPostProcessor] is declared through a non-static factory method on that class; consider declaring it as static instead.",
 "exception":""}

{"timestamp":"2026-03-14T02:04:20.539",
 "level":"WARN",
 "service":"rabbitmq-service",
 "thread":"main",
 "traceId":"",
 "spanId":"",
 "correlationId":"",
 "jobId":"",
 "logger":"o.s.c.s.PostProcessorRegistrationDelegate$BeanPostProcessorChecker",
 "message":"Bean 'jackson2JsonMessageConverter' of type [org.springframework.amqp.support.converter.Jackson2JsonMessageConverter] is not eligible for getting processed by all BeanPostProcessors (for example: not eligible for auto-proxying). Is this bean getting eagerly injected/applied to a currently created BeanPostProcessor [rabbitTemplateBeanPostProcessor]? Check the corresponding BeanPostProcessor declaration and its dependencies/advisors. If this bean does not have to be post-processed, declare it with ROLE_INFRASTRUCTURE.",
 "exception":""}

{"timestamp":"2026-03-14T02:04:21.100",
 "level":"INFO",
 "service":"rabbitmq-service",
 "thread":"main",
 "traceId":"",
 "spanId":"",
 "correlationId":"",
 "jobId":"",
 "logger":"o.h.jpa.internal.util.LogHelper",
 "message":"HHH000204: Processing PersistenceUnitInfo [name: default]",
 "exception":""}

{"timestamp":"2026-03-14T02:04:21.419",
 "level":"INFO",
 "service":"rabbitmq-service",
 "thread":"main",
 "traceId":"",
 "spanId":"",
 "correlationId":"",
 "jobId":"",
 "logger":"org.hibernate.Version",
 "message":"HHH000412: Hibernate ORM core version 7.1.8.Final",
 "exception":""}

{"timestamp":"2026-03-14T02:04:23.171",
 "level":"INFO",
 "service":"rabbitmq-service",
 "thread":"main",
 "traceId":"",
 "spanId":"",
 "correlationId":"",
 "jobId":"",
 "logger":"o.s.o.j.p.SpringPersistenceUnitInfo",
 "message":"No LoadTimeWeaver setup: ignoring JPA class transformer",
 "exception":""}

{"timestamp":"2026-03-14T02:04:23.358",
 "level":"INFO",
 "service":"rabbitmq-service",
 "thread":"main",
 "traceId":"",
 "spanId":"",
 "correlationId":"",
 "jobId":"",
 "logger":"com.zaxxer.hikari.HikariDataSource",
 "message":"HikariPool-1 - Starting...",
 "exception":""}

{"timestamp":"2026-03-14T02:04:23.705",
 "level":"INFO",
 "service":"rabbitmq-service",
 "thread":"main",
 "traceId":"",
 "spanId":"",
 "correlationId":"",
 "jobId":"",
 "logger":"com.zaxxer.hikari.pool.HikariPool",
 "message":"HikariPool-1 - Added connection conn0: url=jdbc:h2:mem:rabbitmqdb user=SA",
 "exception":""}

{"timestamp":"2026-03-14T02:04:23.709",
 "level":"INFO",
 "service":"rabbitmq-service",
 "thread":"main",
 "traceId":"",
 "spanId":"",
 "correlationId":"",
 "jobId":"",
 "logger":"com.zaxxer.hikari.HikariDataSource",
 "message":"HikariPool-1 - Start completed.",
 "exception":""}

{"timestamp":"2026-03-14T02:04:23.755",
 "level":"WARN",
 "service":"rabbitmq-service",
 "thread":"main",
 "traceId":"",
 "spanId":"",
 "correlationId":"",
 "jobId":"",
 "logger":"org.hibernate.orm.deprecation",
 "message":"HHH90000025: H2Dialect does not need to be specified explicitly using 'hibernate.dialect' (remove the property setting and it will be selected by default)",
 "exception":""}

{"timestamp":"2026-03-14T02:04:23.791",
 "level":"INFO",
 "service":"rabbitmq-service",
 "thread":"main",
 "traceId":"",
 "spanId":"",
 "correlationId":"",
 "jobId":"",
 "logger":"o.hibernate.orm.connections.pooling",
 "message":"HHH10001005: Database info:
	Database JDBC URL [jdbc:h2:mem:rabbitmqdb]
	Database driver: H2 JDBC Driver
	Database dialect: H2Dialect
	Database version: 2.4.240
	Default catalog/schema: RABBITMQDB/PUBLIC
	Autocommit mode: undefined/unknown
	Isolation level: READ_COMMITTED [default READ_COMMITTED]
	JDBC fetch size: 100
	Pool: DatasourceConnectionProviderImpl
	Minimum pool size: undefined/unknown
	Maximum pool size: undefined/unknown",
 "exception":""}

{"timestamp":"2026-03-14T02:04:25.202",
 "level":"INFO",
 "service":"rabbitmq-service",
 "thread":"main",
 "traceId":"",
 "spanId":"",
 "correlationId":"",
 "jobId":"",
 "logger":"o.h.e.t.j.p.i.JtaPlatformInitiator",
 "message":"HHH000489: No JTA platform available (set 'hibernate.transaction.jta.platform' to enable JTA platform integration)",
 "exception":""}

{"timestamp":"2026-03-14T02:04:25.289",
 "level":"INFO",
 "service":"rabbitmq-service",
 "thread":"main",
 "traceId":"",
 "spanId":"",
 "correlationId":"",
 "jobId":"",
 "logger":"o.s.o.j.LocalContainerEntityManagerFactoryBean",
 "message":"Initialized JPA EntityManagerFactory for persistence unit 'default'",
 "exception":""}

{"timestamp":"2026-03-14T02:04:25.561",
 "level":"INFO",
 "service":"rabbitmq-service",
 "thread":"main",
 "traceId":"",
 "spanId":"",
 "correlationId":"",
 "jobId":"",
 "logger":"o.s.d.j.r.q.QueryEnhancerFactories",
 "message":"Hibernate is in classpath; If applicable, HQL parser will be used.",
 "exception":""}

{"timestamp":"2026-03-14T02:04:27.162",
 "level":"INFO",
 "service":"rabbitmq-service",
 "thread":"main",
 "traceId":"",
 "spanId":"",
 "correlationId":"",
 "jobId":"",
 "logger":"s.c.exception.GlobalExceptionHandler",
 "message":"GlobalExceptionHandler initialized with: NoOpExternalLogService",
 "exception":""}

{"timestamp":"2026-03-14T02:04:27.433",
 "level":"WARN",
 "service":"rabbitmq-service",
 "thread":"main",
 "traceId":"",
 "spanId":"",
 "correlationId":"",
 "jobId":"",
 "logger":"o.s.b.j.a.JpaBaseConfiguration$JpaWebConfiguration",
 "message":"spring.jpa.open-in-view is enabled by default. Therefore, database queries may be performed during view rendering. Explicitly configure spring.jpa.open-in-view to disable this warning",
 "exception":""}

{"timestamp":"2026-03-14T02:04:29.400",
 "level":"INFO",
 "service":"rabbitmq-service",
 "thread":"main",
 "traceId":"",
 "spanId":"",
 "correlationId":"",
 "jobId":"",
 "logger":"o.s.b.a.e.web.EndpointLinksResolver",
 "message":"Exposing 3 endpoints beneath base path '/actuator'",
 "exception":""}

{"timestamp":"2026-03-14T02:04:29.726",
 "level":"INFO",
 "service":"rabbitmq-service",
 "thread":"main",
 "traceId":"",
 "spanId":"",
 "correlationId":"",
 "jobId":"",
 "logger":"o.s.a.r.c.CachingConnectionFactory",
 "message":"Attempting to connect to: [localhost:5672]",
 "exception":""}

{"timestamp":"2026-03-14T02:04:29.916",
 "level":"INFO",
 "service":"rabbitmq-service",
 "thread":"main",
 "traceId":"",
 "spanId":"",
 "correlationId":"",
 "jobId":"",
 "logger":"o.s.a.r.c.CachingConnectionFactory",
 "message":"Created new connection: rabbitConnectionFactory#3c3a8246:0/SimpleConnection@62df1f0e [delegate=amqp://admin@0:0:0:0:0:0:0:1:5672/, localPort=55436]",
 "exception":""}

{"timestamp":"2026-03-14T02:04:30.102",
 "level":"INFO",
 "service":"rabbitmq-service",
 "thread":"main",
 "traceId":"",
 "spanId":"",
 "correlationId":"",
 "jobId":"",
 "logger":"s.r.RabbitMQServiceApplicationTests",
 "message":"Started RabbitMQServiceApplicationTests in 14.981 seconds (process running for 18.05)",
 "exception":""}

{"timestamp":"2026-03-14T02:04:31.035",
 "level":"INFO",
 "service":"rabbitmq-service",
 "thread":"org.springframework.amqp.rabbit.RabbitListenerEndpointContainer#0-2",
 "traceId":"",
 "spanId":"",
 "correlationId":"",
 "jobId":"",
 "logger":"o.s.a.r.l.SimpleMessageListenerContainer",
 "message":"Waiting for workers to finish.",
 "exception":""}

{"timestamp":"2026-03-14T02:04:31.036",
 "level":"INFO",
 "service":"rabbitmq-service",
 "thread":"org.springframework.amqp.rabbit.RabbitListenerEndpointContainer#1-2",
 "traceId":"",
 "spanId":"",
 "correlationId":"",
 "jobId":"",
 "logger":"o.s.a.r.l.SimpleMessageListenerContainer",
 "message":"Waiting for workers to finish.",
 "exception":""}

{"timestamp":"2026-03-14T02:04:31.038",
 "level":"INFO",
 "service":"rabbitmq-service",
 "thread":"org.springframework.amqp.rabbit.RabbitListenerEndpointContainer#2-2",
 "traceId":"",
 "spanId":"",
 "correlationId":"",
 "jobId":"",
 "logger":"o.s.a.r.l.SimpleMessageListenerContainer",
 "message":"Waiting for workers to finish.",
 "exception":""}

{"timestamp":"2026-03-14T02:04:31.040",
 "level":"INFO",
 "service":"rabbitmq-service",
 "thread":"org.springframework.amqp.rabbit.RabbitListenerEndpointContainer#3-2",
 "traceId":"",
 "spanId":"",
 "correlationId":"",
 "jobId":"",
 "logger":"o.s.a.r.l.SimpleMessageListenerContainer",
 "message":"Waiting for workers to finish.",
 "exception":""}

{"timestamp":"2026-03-14T02:04:31.046",
 "level":"INFO",
 "service":"rabbitmq-service",
 "thread":"org.springframework.amqp.rabbit.RabbitListenerEndpointContainer#4-2",
 "traceId":"",
 "spanId":"",
 "correlationId":"",
 "jobId":"",
 "logger":"o.s.a.r.l.SimpleMessageListenerContainer",
 "message":"Waiting for workers to finish.",
 "exception":""}

{"timestamp":"2026-03-14T02:04:31.058",
 "level":"INFO",
 "service":"rabbitmq-service",
 "thread":"org.springframework.amqp.rabbit.RabbitListenerEndpointContainer#0-2",
 "traceId":"",
 "spanId":"",
 "correlationId":"",
 "jobId":"",
 "logger":"o.s.a.r.l.SimpleMessageListenerContainer",
 "message":"Successfully waited for workers to finish.",
 "exception":""}

{"timestamp":"2026-03-14T02:04:31.059",
 "level":"INFO",
 "service":"rabbitmq-service",
 "thread":"org.springframework.amqp.rabbit.RabbitListenerEndpointContainer#1-2",
 "traceId":"",
 "spanId":"",
 "correlationId":"",
 "jobId":"",
 "logger":"o.s.a.r.l.SimpleMessageListenerContainer",
 "message":"Successfully waited for workers to finish.",
 "exception":""}

{"timestamp":"2026-03-14T02:04:31.073",
 "level":"INFO",
 "service":"rabbitmq-service",
 "thread":"org.springframework.amqp.rabbit.RabbitListenerEndpointContainer#2-2",
 "traceId":"",
 "spanId":"",
 "correlationId":"",
 "jobId":"",
 "logger":"o.s.a.r.l.SimpleMessageListenerContainer",
 "message":"Successfully waited for workers to finish.",
 "exception":""}

{"timestamp":"2026-03-14T02:04:31.089",
 "level":"INFO",
 "service":"rabbitmq-service",
 "thread":"org.springframework.amqp.rabbit.RabbitListenerEndpointContainer#4-2",
 "traceId":"",
 "spanId":"",
 "correlationId":"",
 "jobId":"",
 "logger":"o.s.a.r.l.SimpleMessageListenerContainer",
 "message":"Successfully waited for workers to finish.",
 "exception":""}

{"timestamp":"2026-03-14T02:04:31.091",
 "level":"INFO",
 "service":"rabbitmq-service",
 "thread":"org.springframework.amqp.rabbit.RabbitListenerEndpointContainer#3-2",
 "traceId":"",
 "spanId":"",
 "correlationId":"",
 "jobId":"",
 "logger":"o.s.a.r.l.SimpleMessageListenerContainer",
 "message":"Successfully waited for workers to finish.",
 "exception":""}

{"timestamp":"2026-03-14T02:04:31.189",
 "level":"INFO",
 "service":"rabbitmq-service",
 "thread":"SpringApplicationShutdownHook",
 "traceId":"",
 "spanId":"",
 "correlationId":"",
 "jobId":"",
 "logger":"o.s.o.j.LocalContainerEntityManagerFactoryBean",
 "message":"Closing JPA EntityManagerFactory for persistence unit 'default'",
 "exception":""}

{"timestamp":"2026-03-14T02:04:31.195",
 "level":"INFO",
 "service":"rabbitmq-service",
 "thread":"SpringApplicationShutdownHook",
 "traceId":"",
 "spanId":"",
 "correlationId":"",
 "jobId":"",
 "logger":"com.zaxxer.hikari.HikariDataSource",
 "message":"HikariPool-1 - Shutdown initiated...",
 "exception":""}

{"timestamp":"2026-03-14T02:04:31.202",
 "level":"INFO",
 "service":"rabbitmq-service",
 "thread":"SpringApplicationShutdownHook",
 "traceId":"",
 "spanId":"",
 "correlationId":"",
 "jobId":"",
 "logger":"com.zaxxer.hikari.HikariDataSource",
 "message":"HikariPool-1 - Shutdown completed.",
 "exception":""}

